<?xml version="1.0" encoding="UTF-8"?>
<robot generator="Robot 7.3.2 (Python 3.13.6 on darwin)" generated="2025-09-11T00:51:49.784310" rpa="false" schemaversion="5">
<suite id="s1" name="Tests" source="/Users/etiennesene/Documents/To-Do-application/backend/testRebotFramwork/tests.robot">
<kw name="Create API Session" type="SETUP">
<kw name="Create Session" owner="RequestsLibrary">
<msg time="2025-09-11T00:51:49.926447" level="INFO">Creating Session using : alias=api, url=http://localhost:8000/api, headers={},                     cookies={}, auth=None, timeout=None, proxies=None, verify=False,                     debug=0 </msg>
<arg>api</arg>
<arg>${BASE_URL}</arg>
<doc>Create Session: create a HTTP session to a server</doc>
<status status="PASS" start="2025-09-11T00:51:49.926328" elapsed="0.000265"/>
</kw>
<doc>Crée une session HTTP nommée "api" vers http://localhost:8000/api.</doc>
<status status="PASS" start="2025-09-11T00:51:49.925953" elapsed="0.000701"/>
</kw>
<test id="s1-t1" name="Valid Login" line="197">
<kw name="Login And Get Tokens">
<kw name="Create Dictionary" owner="BuiltIn">
<msg time="2025-09-11T00:51:49.928108" level="INFO">&amp;{payload} = { username=etienne | password=etienne }</msg>
<var>&amp;{payload}</var>
<arg>username=${USERNAME}</arg>
<arg>password=${PASSWORD}</arg>
<doc>Creates and returns a dictionary based on the given ``items``.</doc>
<status status="PASS" start="2025-09-11T00:51:49.927895" elapsed="0.000232"/>
</kw>
<kw name="Create Dictionary" owner="BuiltIn">
<msg time="2025-09-11T00:51:49.928301" level="INFO">&amp;{hdr} = { Content-Type=application/json }</msg>
<var>&amp;{hdr}</var>
<arg>Content-Type=application/json</arg>
<doc>Creates and returns a dictionary based on the given ``items``.</doc>
<status status="PASS" start="2025-09-11T00:51:49.928196" elapsed="0.000119"/>
</kw>
<kw name="POST On Session" owner="RequestsLibrary">
<msg time="2025-09-11T00:51:50.052841" level="INFO">POST Request : url=http://localhost:8000/api/token/ 
 path_url=/api/token/ 
 headers={'User-Agent': 'python-requests/2.32.4', 'Accept-Encoding': 'gzip, deflate', 'Accept': '*/*', 'Connection': 'keep-alive', 'Content-Type': 'application/json', 'Content-Length': '46'} 
 body=b'{"username": "etienne", "password": "etienne"}' 
 </msg>
<msg time="2025-09-11T00:51:50.052940" level="INFO">POST Response : url=http://localhost:8000/api/token/ 
 status=200, reason=OK 
 headers={'Date': 'Wed, 10 Sep 2025 22:51:50 GMT', 'Server': 'WSGIServer/0.2 CPython/3.13.6', 'Content-Type': 'application/json', 'Vary': 'Accept, origin', 'Allow': 'POST, OPTIONS', 'X-Frame-Options': 'DENY', 'Content-Length': '489', 'X-Content-Type-Options': 'nosniff', 'Referrer-Policy': 'same-origin', 'Cross-Origin-Opener-Policy': 'same-origin'} 
 body={"refresh":"eyJhbGciOiJIUzI1NiIsInR5cCI6IkpXVCJ9.eyJ0b2tlbl90eXBlIjoicmVmcmVzaCIsImV4cCI6MTc1NzYzMTExMCwiaWF0IjoxNzU3NTQ0NzEwLCJqdGkiOiI3YmUxZmM5NjhiZmE0Y2NlYWQ5ZTZhZmIyMGFkNTE5MCIsInVzZXJfaWQiOiIxIn0.z3U3yg2soaH1Yx7GzBIwDrgA6Pau1GphzNh0DU3SEqY","access":"eyJhbGciOiJIUzI1NiIsInR5cCI6IkpXVCJ9.eyJ0b2tlbl90eXBlIjoiYWNjZXNzIiwiZXhwIjoxNzU3NTQ4MzEwLCJpYXQiOjE3NTc1NDQ3MTAsImp0aSI6IjBlN2Y3NTI4MGIyYzRlMGRiNWEwOWI0ZWE5N2ZjZTcxIiwidXNlcl9pZCI6IjEifQ.-PVmM7d3YiPNNXgAoCOh7TF0xAgS8A2SrdLMOh8olgw"} 
 </msg>
<msg time="2025-09-11T00:51:50.053068" level="INFO">${resp} = &lt;Response [200]&gt;</msg>
<var>${resp}</var>
<arg>api</arg>
<arg>${AUTH_PATH}</arg>
<arg>json=${payload}</arg>
<arg>headers=${hdr}</arg>
<doc>Sends a POST request on a previously created HTTP Session.</doc>
<status status="PASS" start="2025-09-11T00:51:49.928370" elapsed="0.124717"/>
</kw>
<kw name="Should Be Equal As Integers" owner="BuiltIn">
<msg time="2025-09-11T00:51:50.053573" level="INFO">Argument types are:
&lt;class 'int'&gt;
&lt;class 'str'&gt;</msg>
<arg>${resp.status_code}</arg>
<arg>200</arg>
<doc>Fails if objects are unequal after converting them to integers.</doc>
<status status="PASS" start="2025-09-11T00:51:50.053215" elapsed="0.000399"/>
</kw>
<kw name="Set Variable" owner="BuiltIn">
<msg time="2025-09-11T00:51:50.053981" level="INFO">${data} = {'refresh': 'eyJhbGciOiJIUzI1NiIsInR5cCI6IkpXVCJ9.eyJ0b2tlbl90eXBlIjoicmVmcmVzaCIsImV4cCI6MTc1NzYzMTExMCwiaWF0IjoxNzU3NTQ0NzEwLCJqdGkiOiI3YmUxZmM5NjhiZmE0Y2NlYWQ5ZTZhZmIyMGFkNTE5MCIsInVzZXJfaWQiOiIxIn...</msg>
<var>${data}</var>
<arg>${resp.json()}</arg>
<doc>Returns the given values which can then be assigned to a variables.</doc>
<status status="PASS" start="2025-09-11T00:51:50.053682" elapsed="0.000315"/>
</kw>
<kw name="Dictionary Should Contain Key" owner="Collections">
<arg>${data}</arg>
<arg>access</arg>
<doc>Fails if ``key`` is not found from ``dictionary``.</doc>
<status status="PASS" start="2025-09-11T00:51:50.054054" elapsed="0.000088"/>
</kw>
<kw name="Dictionary Should Contain Key" owner="Collections">
<arg>${data}</arg>
<arg>refresh</arg>
<doc>Fails if ``key`` is not found from ``dictionary``.</doc>
<status status="PASS" start="2025-09-11T00:51:50.054195" elapsed="0.000068"/>
</kw>
<return>
<value>${data['access']}</value>
<value>${data['refresh']}</value>
<status status="PASS" start="2025-09-11T00:51:50.054297" elapsed="0.000035"/>
</return>
<msg time="2025-09-11T00:51:50.054792" level="INFO">${ACCESS} = eyJhbGciOiJIUzI1NiIsInR5cCI6IkpXVCJ9.eyJ0b2tlbl90eXBlIjoiYWNjZXNzIiwiZXhwIjoxNzU3NTQ4MzEwLCJpYXQiOjE3NTc1NDQ3MTAsImp0aSI6IjBlN2Y3NTI4MGIyYzRlMGRiNWEwOWI0ZWE5N2ZjZTcxIiwidXNlcl9pZCI6IjEifQ.-PVmM7d3YiPN...</msg>
<msg time="2025-09-11T00:51:50.054817" level="INFO">${REFRESH} = eyJhbGciOiJIUzI1NiIsInR5cCI6IkpXVCJ9.eyJ0b2tlbl90eXBlIjoicmVmcmVzaCIsImV4cCI6MTc1NzYzMTExMCwiaWF0IjoxNzU3NTQ0NzEwLCJqdGkiOiI3YmUxZmM5NjhiZmE0Y2NlYWQ5ZTZhZmIyMGFkNTE5MCIsInVzZXJfaWQiOiIxIn0.z3U3yg2soaH...</msg>
<var>${ACCESS}</var>
<var>${REFRESH}</var>
<doc>POST /api/token/ avec etienne/etienne. Retourne ${ACCESS} et ${REFRESH}.</doc>
<status status="PASS" start="2025-09-11T00:51:49.927743" elapsed="0.127088"/>
</kw>
<kw name="Should Not Be Empty" owner="BuiltIn">
<msg time="2025-09-11T00:51:50.054991" level="INFO">Length is 231.</msg>
<arg>${ACCESS}</arg>
<doc>Verifies that the given item is not empty.</doc>
<status status="PASS" start="2025-09-11T00:51:50.054923" elapsed="0.000092"/>
</kw>
<kw name="Should Not Be Empty" owner="BuiltIn">
<msg time="2025-09-11T00:51:50.055135" level="INFO">Length is 232.</msg>
<arg>${REFRESH}</arg>
<doc>Verifies that the given item is not empty.</doc>
<status status="PASS" start="2025-09-11T00:51:50.055078" elapsed="0.000078"/>
</kw>
<doc>Vérifie qu'on récupère bien un access et un refresh token.</doc>
<status status="PASS" start="2025-09-11T00:51:49.926698" elapsed="0.128534"/>
</test>
<test id="s1-t2" name="Refresh Token" line="203">
<kw name="Login And Get Tokens">
<kw name="Create Dictionary" owner="BuiltIn">
<msg time="2025-09-11T00:51:50.056614" level="INFO">&amp;{payload} = { username=etienne | password=etienne }</msg>
<var>&amp;{payload}</var>
<arg>username=${USERNAME}</arg>
<arg>password=${PASSWORD}</arg>
<doc>Creates and returns a dictionary based on the given ``items``.</doc>
<status status="PASS" start="2025-09-11T00:51:50.056455" elapsed="0.000176"/>
</kw>
<kw name="Create Dictionary" owner="BuiltIn">
<msg time="2025-09-11T00:51:50.056777" level="INFO">&amp;{hdr} = { Content-Type=application/json }</msg>
<var>&amp;{hdr}</var>
<arg>Content-Type=application/json</arg>
<doc>Creates and returns a dictionary based on the given ``items``.</doc>
<status status="PASS" start="2025-09-11T00:51:50.056690" elapsed="0.000099"/>
</kw>
<kw name="POST On Session" owner="RequestsLibrary">
<msg time="2025-09-11T00:51:50.164997" level="INFO">POST Request : url=http://localhost:8000/api/token/ 
 path_url=/api/token/ 
 headers={'User-Agent': 'python-requests/2.32.4', 'Accept-Encoding': 'gzip, deflate', 'Accept': '*/*', 'Connection': 'keep-alive', 'Content-Type': 'application/json', 'Content-Length': '46'} 
 body=b'{"username": "etienne", "password": "etienne"}' 
 </msg>
<msg time="2025-09-11T00:51:50.165074" level="INFO">POST Response : url=http://localhost:8000/api/token/ 
 status=200, reason=OK 
 headers={'Date': 'Wed, 10 Sep 2025 22:51:50 GMT', 'Server': 'WSGIServer/0.2 CPython/3.13.6', 'Content-Type': 'application/json', 'Vary': 'Accept, origin', 'Allow': 'POST, OPTIONS', 'X-Frame-Options': 'DENY', 'Content-Length': '489', 'X-Content-Type-Options': 'nosniff', 'Referrer-Policy': 'same-origin', 'Cross-Origin-Opener-Policy': 'same-origin'} 
 body={"refresh":"eyJhbGciOiJIUzI1NiIsInR5cCI6IkpXVCJ9.eyJ0b2tlbl90eXBlIjoicmVmcmVzaCIsImV4cCI6MTc1NzYzMTExMCwiaWF0IjoxNzU3NTQ0NzEwLCJqdGkiOiJkMDM4ODBjYTc0YTI0Y2VjOWFlMjAyMjcwMDVjMjEzZSIsInVzZXJfaWQiOiIxIn0.EXPpR1Xq70D1H2T9F3jEEbLgFn0Nm1UGXMh6J09HJbI","access":"eyJhbGciOiJIUzI1NiIsInR5cCI6IkpXVCJ9.eyJ0b2tlbl90eXBlIjoiYWNjZXNzIiwiZXhwIjoxNzU3NTQ4MzEwLCJpYXQiOjE3NTc1NDQ3MTAsImp0aSI6IjI2YjVlM2E2OWI0NzQ1NTQ4MDM1MzBkMDE1NDYwNjA3IiwidXNlcl9pZCI6IjEifQ.Ykju-0rmetlwnGioc2SzhjfWtVFJxxN9L9Pu03QRKfo"} 
 </msg>
<msg time="2025-09-11T00:51:50.165319" level="INFO">${resp} = &lt;Response [200]&gt;</msg>
<var>${resp}</var>
<arg>api</arg>
<arg>${AUTH_PATH}</arg>
<arg>json=${payload}</arg>
<arg>headers=${hdr}</arg>
<doc>Sends a POST request on a previously created HTTP Session.</doc>
<status status="PASS" start="2025-09-11T00:51:50.056840" elapsed="0.108500"/>
</kw>
<kw name="Should Be Equal As Integers" owner="BuiltIn">
<msg time="2025-09-11T00:51:50.165822" level="INFO">Argument types are:
&lt;class 'int'&gt;
&lt;class 'str'&gt;</msg>
<arg>${resp.status_code}</arg>
<arg>200</arg>
<doc>Fails if objects are unequal after converting them to integers.</doc>
<status status="PASS" start="2025-09-11T00:51:50.165456" elapsed="0.000407"/>
</kw>
<kw name="Set Variable" owner="BuiltIn">
<msg time="2025-09-11T00:51:50.166243" level="INFO">${data} = {'refresh': 'eyJhbGciOiJIUzI1NiIsInR5cCI6IkpXVCJ9.eyJ0b2tlbl90eXBlIjoicmVmcmVzaCIsImV4cCI6MTc1NzYzMTExMCwiaWF0IjoxNzU3NTQ0NzEwLCJqdGkiOiJkMDM4ODBjYTc0YTI0Y2VjOWFlMjAyMjcwMDVjMjEzZSIsInVzZXJfaWQiOiIxIn...</msg>
<var>${data}</var>
<arg>${resp.json()}</arg>
<doc>Returns the given values which can then be assigned to a variables.</doc>
<status status="PASS" start="2025-09-11T00:51:50.165932" elapsed="0.000328"/>
</kw>
<kw name="Dictionary Should Contain Key" owner="Collections">
<arg>${data}</arg>
<arg>access</arg>
<doc>Fails if ``key`` is not found from ``dictionary``.</doc>
<status status="PASS" start="2025-09-11T00:51:50.166321" elapsed="0.000088"/>
</kw>
<kw name="Dictionary Should Contain Key" owner="Collections">
<arg>${data}</arg>
<arg>refresh</arg>
<doc>Fails if ``key`` is not found from ``dictionary``.</doc>
<status status="PASS" start="2025-09-11T00:51:50.166461" elapsed="0.000069"/>
</kw>
<return>
<value>${data['access']}</value>
<value>${data['refresh']}</value>
<status status="PASS" start="2025-09-11T00:51:50.166562" elapsed="0.000032"/>
</return>
<msg time="2025-09-11T00:51:50.167028" level="INFO">${ACCESS} = eyJhbGciOiJIUzI1NiIsInR5cCI6IkpXVCJ9.eyJ0b2tlbl90eXBlIjoiYWNjZXNzIiwiZXhwIjoxNzU3NTQ4MzEwLCJpYXQiOjE3NTc1NDQ3MTAsImp0aSI6IjI2YjVlM2E2OWI0NzQ1NTQ4MDM1MzBkMDE1NDYwNjA3IiwidXNlcl9pZCI6IjEifQ.Ykju-0rmetlw...</msg>
<msg time="2025-09-11T00:51:50.167055" level="INFO">${REFRESH} = eyJhbGciOiJIUzI1NiIsInR5cCI6IkpXVCJ9.eyJ0b2tlbl90eXBlIjoicmVmcmVzaCIsImV4cCI6MTc1NzYzMTExMCwiaWF0IjoxNzU3NTQ0NzEwLCJqdGkiOiJkMDM4ODBjYTc0YTI0Y2VjOWFlMjAyMjcwMDVjMjEzZSIsInVzZXJfaWQiOiIxIn0.EXPpR1Xq70D...</msg>
<var>${ACCESS}</var>
<var>${REFRESH}</var>
<doc>POST /api/token/ avec etienne/etienne. Retourne ${ACCESS} et ${REFRESH}.</doc>
<status status="PASS" start="2025-09-11T00:51:50.056322" elapsed="0.110746"/>
</kw>
<kw name="Create Dictionary" owner="BuiltIn">
<msg time="2025-09-11T00:51:50.167306" level="INFO">&amp;{payload} = { refresh=eyJhbGciOiJIUzI1NiIsInR5cCI6IkpXVCJ9.eyJ0b2tlbl90eXBlIjoicmVmcmVzaCIsImV4cCI6MTc1NzYzMTExMCwiaWF0IjoxNzU3NTQ0NzEwLCJqdGkiOiJkMDM4ODBjYTc0YTI0Y2VjOWFlMjAyMjcwMDVjMjEzZSIsInVzZXJfaWQiOiIxIn0.E...</msg>
<var>&amp;{payload}</var>
<arg>refresh=${REFRESH}</arg>
<doc>Creates and returns a dictionary based on the given ``items``.</doc>
<status status="PASS" start="2025-09-11T00:51:50.167165" elapsed="0.000158"/>
</kw>
<kw name="Create Dictionary" owner="BuiltIn">
<msg time="2025-09-11T00:51:50.167489" level="INFO">&amp;{hdr} = { Content-Type=application/json }</msg>
<var>&amp;{hdr}</var>
<arg>Content-Type=application/json</arg>
<doc>Creates and returns a dictionary based on the given ``items``.</doc>
<status status="PASS" start="2025-09-11T00:51:50.167401" elapsed="0.000103"/>
</kw>
<kw name="POST On Session" owner="RequestsLibrary">
<msg time="2025-09-11T00:51:50.170997" level="INFO">POST Request : url=http://localhost:8000/api/token/refresh/ 
 path_url=/api/token/refresh/ 
 headers={'User-Agent': 'python-requests/2.32.4', 'Accept-Encoding': 'gzip, deflate', 'Accept': '*/*', 'Connection': 'keep-alive', 'Content-Type': 'application/json', 'Content-Length': '247'} 
 body=b'{"refresh": "eyJhbGciOiJIUzI1NiIsInR5cCI6IkpXVCJ9.eyJ0b2tlbl90eXBlIjoicmVmcmVzaCIsImV4cCI6MTc1NzYzMTExMCwiaWF0IjoxNzU3NTQ0NzEwLCJqdGkiOiJkMDM4ODBjYTc0YTI0Y2VjOWFlMjAyMjcwMDVjMjEzZSIsInVzZXJfaWQiOiIxIn0.EXPpR1Xq70D1H2T9F3jEEbLgFn0Nm1UGXMh6J09HJbI"}' 
 </msg>
<msg time="2025-09-11T00:51:50.171047" level="INFO">POST Response : url=http://localhost:8000/api/token/refresh/ 
 status=200, reason=OK 
 headers={'Date': 'Wed, 10 Sep 2025 22:51:50 GMT', 'Server': 'WSGIServer/0.2 CPython/3.13.6', 'Content-Type': 'application/json', 'Vary': 'Accept, origin', 'Allow': 'POST, OPTIONS', 'X-Frame-Options': 'DENY', 'Content-Length': '244', 'X-Content-Type-Options': 'nosniff', 'Referrer-Policy': 'same-origin', 'Cross-Origin-Opener-Policy': 'same-origin'} 
 body={"access":"eyJhbGciOiJIUzI1NiIsInR5cCI6IkpXVCJ9.eyJ0b2tlbl90eXBlIjoiYWNjZXNzIiwiZXhwIjoxNzU3NTQ4MzEwLCJpYXQiOjE3NTc1NDQ3MTAsImp0aSI6IjQ3Yzg1N2YzZTgzMDQ5MTk4YzNlMmYzZjNlNzZhZGMxIiwidXNlcl9pZCI6IjEifQ.sO16iY9BuQAWY-x2D3c3FrYPlGWR3WERpoYfimEoWq4"} 
 </msg>
<msg time="2025-09-11T00:51:50.171126" level="INFO">${resp} = &lt;Response [200]&gt;</msg>
<var>${resp}</var>
<arg>api</arg>
<arg>${REFRESH_PATH}</arg>
<arg>json=${payload}</arg>
<arg>headers=${hdr}</arg>
<doc>Sends a POST request on a previously created HTTP Session.</doc>
<status status="PASS" start="2025-09-11T00:51:50.167574" elapsed="0.003570"/>
</kw>
<kw name="Should Be Equal As Integers" owner="BuiltIn">
<msg time="2025-09-11T00:51:50.171564" level="INFO">Argument types are:
&lt;class 'int'&gt;
&lt;class 'str'&gt;</msg>
<arg>${resp.status_code}</arg>
<arg>200</arg>
<doc>Fails if objects are unequal after converting them to integers.</doc>
<status status="PASS" start="2025-09-11T00:51:50.171250" elapsed="0.000348"/>
</kw>
<kw name="Set Variable" owner="BuiltIn">
<msg time="2025-09-11T00:51:50.171974" level="INFO">${data} = {'access': 'eyJhbGciOiJIUzI1NiIsInR5cCI6IkpXVCJ9.eyJ0b2tlbl90eXBlIjoiYWNjZXNzIiwiZXhwIjoxNzU3NTQ4MzEwLCJpYXQiOjE3NTc1NDQ3MTAsImp0aSI6IjQ3Yzg1N2YzZTgzMDQ5MTk4YzNlMmYzZjNlNzZhZGMxIiwidXNlcl9pZCI6IjEifQ....</msg>
<var>${data}</var>
<arg>${resp.json()}</arg>
<doc>Returns the given values which can then be assigned to a variables.</doc>
<status status="PASS" start="2025-09-11T00:51:50.171683" elapsed="0.000306"/>
</kw>
<kw name="Dictionary Should Contain Key" owner="Collections">
<arg>${data}</arg>
<arg>access</arg>
<doc>Fails if ``key`` is not found from ``dictionary``.</doc>
<status status="PASS" start="2025-09-11T00:51:50.172060" elapsed="0.000145"/>
</kw>
<doc>Vérifie le refresh (POST /api/token/refresh/ → 200 + access).</doc>
<status status="PASS" start="2025-09-11T00:51:50.055375" elapsed="0.116942"/>
</test>
<test id="s1-t3" name="Call Todos With Bearer" line="213">
<kw name="Login And Get Tokens">
<kw name="Create Dictionary" owner="BuiltIn">
<msg time="2025-09-11T00:51:50.173738" level="INFO">&amp;{payload} = { username=etienne | password=etienne }</msg>
<var>&amp;{payload}</var>
<arg>username=${USERNAME}</arg>
<arg>password=${PASSWORD}</arg>
<doc>Creates and returns a dictionary based on the given ``items``.</doc>
<status status="PASS" start="2025-09-11T00:51:50.173577" elapsed="0.000179"/>
</kw>
<kw name="Create Dictionary" owner="BuiltIn">
<msg time="2025-09-11T00:51:50.173912" level="INFO">&amp;{hdr} = { Content-Type=application/json }</msg>
<var>&amp;{hdr}</var>
<arg>Content-Type=application/json</arg>
<doc>Creates and returns a dictionary based on the given ``items``.</doc>
<status status="PASS" start="2025-09-11T00:51:50.173820" elapsed="0.000106"/>
</kw>
<kw name="POST On Session" owner="RequestsLibrary">
<msg time="2025-09-11T00:51:50.280932" level="INFO">POST Request : url=http://localhost:8000/api/token/ 
 path_url=/api/token/ 
 headers={'User-Agent': 'python-requests/2.32.4', 'Accept-Encoding': 'gzip, deflate', 'Accept': '*/*', 'Connection': 'keep-alive', 'Content-Type': 'application/json', 'Content-Length': '46'} 
 body=b'{"username": "etienne", "password": "etienne"}' 
 </msg>
<msg time="2025-09-11T00:51:50.280990" level="INFO">POST Response : url=http://localhost:8000/api/token/ 
 status=200, reason=OK 
 headers={'Date': 'Wed, 10 Sep 2025 22:51:50 GMT', 'Server': 'WSGIServer/0.2 CPython/3.13.6', 'Content-Type': 'application/json', 'Vary': 'Accept, origin', 'Allow': 'POST, OPTIONS', 'X-Frame-Options': 'DENY', 'Content-Length': '489', 'X-Content-Type-Options': 'nosniff', 'Referrer-Policy': 'same-origin', 'Cross-Origin-Opener-Policy': 'same-origin'} 
 body={"refresh":"eyJhbGciOiJIUzI1NiIsInR5cCI6IkpXVCJ9.eyJ0b2tlbl90eXBlIjoicmVmcmVzaCIsImV4cCI6MTc1NzYzMTExMCwiaWF0IjoxNzU3NTQ0NzEwLCJqdGkiOiI3ZDNkNTQxMDA3Mzc0NTc1YTBiYWNkYTFlN2NkM2QyNSIsInVzZXJfaWQiOiIxIn0.JCNvZ6yPb-nToo2wyNH0RrC5WqKBQsdHJiipP-p4QUE","access":"eyJhbGciOiJIUzI1NiIsInR5cCI6IkpXVCJ9.eyJ0b2tlbl90eXBlIjoiYWNjZXNzIiwiZXhwIjoxNzU3NTQ4MzEwLCJpYXQiOjE3NTc1NDQ3MTAsImp0aSI6IjkyOGY3ZjBhODFhMTRiYTU4NmNhMzFjMTdjNzc4NzYxIiwidXNlcl9pZCI6IjEifQ.XMUXOVfyRJ6h00GjhJ-C1ABIEL2_zOlXKAJC8SixSP4"} 
 </msg>
<msg time="2025-09-11T00:51:50.281164" level="INFO">${resp} = &lt;Response [200]&gt;</msg>
<var>${resp}</var>
<arg>api</arg>
<arg>${AUTH_PATH}</arg>
<arg>json=${payload}</arg>
<arg>headers=${hdr}</arg>
<doc>Sends a POST request on a previously created HTTP Session.</doc>
<status status="PASS" start="2025-09-11T00:51:50.173981" elapsed="0.107200"/>
</kw>
<kw name="Should Be Equal As Integers" owner="BuiltIn">
<msg time="2025-09-11T00:51:50.281593" level="INFO">Argument types are:
&lt;class 'int'&gt;
&lt;class 'str'&gt;</msg>
<arg>${resp.status_code}</arg>
<arg>200</arg>
<doc>Fails if objects are unequal after converting them to integers.</doc>
<status status="PASS" start="2025-09-11T00:51:50.281279" elapsed="0.000348"/>
</kw>
<kw name="Set Variable" owner="BuiltIn">
<msg time="2025-09-11T00:51:50.281970" level="INFO">${data} = {'refresh': 'eyJhbGciOiJIUzI1NiIsInR5cCI6IkpXVCJ9.eyJ0b2tlbl90eXBlIjoicmVmcmVzaCIsImV4cCI6MTc1NzYzMTExMCwiaWF0IjoxNzU3NTQ0NzEwLCJqdGkiOiI3ZDNkNTQxMDA3Mzc0NTc1YTBiYWNkYTFlN2NkM2QyNSIsInVzZXJfaWQiOiIxIn...</msg>
<var>${data}</var>
<arg>${resp.json()}</arg>
<doc>Returns the given values which can then be assigned to a variables.</doc>
<status status="PASS" start="2025-09-11T00:51:50.281688" elapsed="0.000298"/>
</kw>
<kw name="Dictionary Should Contain Key" owner="Collections">
<arg>${data}</arg>
<arg>access</arg>
<doc>Fails if ``key`` is not found from ``dictionary``.</doc>
<status status="PASS" start="2025-09-11T00:51:50.282039" elapsed="0.000078"/>
</kw>
<kw name="Dictionary Should Contain Key" owner="Collections">
<arg>${data}</arg>
<arg>refresh</arg>
<doc>Fails if ``key`` is not found from ``dictionary``.</doc>
<status status="PASS" start="2025-09-11T00:51:50.282170" elapsed="0.000065"/>
</kw>
<return>
<value>${data['access']}</value>
<value>${data['refresh']}</value>
<status status="PASS" start="2025-09-11T00:51:50.282268" elapsed="0.000026"/>
</return>
<msg time="2025-09-11T00:51:50.282707" level="INFO">${ACCESS} = eyJhbGciOiJIUzI1NiIsInR5cCI6IkpXVCJ9.eyJ0b2tlbl90eXBlIjoiYWNjZXNzIiwiZXhwIjoxNzU3NTQ4MzEwLCJpYXQiOjE3NTc1NDQ3MTAsImp0aSI6IjkyOGY3ZjBhODFhMTRiYTU4NmNhMzFjMTdjNzc4NzYxIiwidXNlcl9pZCI6IjEifQ.XMUXOVfyRJ6h...</msg>
<msg time="2025-09-11T00:51:50.282732" level="INFO">${REFRESH} = eyJhbGciOiJIUzI1NiIsInR5cCI6IkpXVCJ9.eyJ0b2tlbl90eXBlIjoicmVmcmVzaCIsImV4cCI6MTc1NzYzMTExMCwiaWF0IjoxNzU3NTQ0NzEwLCJqdGkiOiI3ZDNkNTQxMDA3Mzc0NTc1YTBiYWNkYTFlN2NkM2QyNSIsInVzZXJfaWQiOiIxIn0.JCNvZ6yPb-n...</msg>
<var>${ACCESS}</var>
<var>${REFRESH}</var>
<doc>POST /api/token/ avec etienne/etienne. Retourne ${ACCESS} et ${REFRESH}.</doc>
<status status="PASS" start="2025-09-11T00:51:50.173431" elapsed="0.109315"/>
</kw>
<kw name="Auth Header">
<kw name="Create Dictionary" owner="BuiltIn">
<msg time="2025-09-11T00:51:50.283175" level="INFO">&amp;{hdr} = { Authorization=Bearer eyJhbGciOiJIUzI1NiIsInR5cCI6IkpXVCJ9.eyJ0b2tlbl90eXBlIjoiYWNjZXNzIiwiZXhwIjoxNzU3NTQ4MzEwLCJpYXQiOjE3NTc1NDQ3MTAsImp0aSI6IjkyOGY3ZjBhODFhMTRiYTU4NmNhMzFjMTdjNzc4NzYxIiwidXNlcl9p...</msg>
<var>&amp;{hdr}</var>
<arg>Authorization=Bearer ${access}</arg>
<doc>Creates and returns a dictionary based on the given ``items``.</doc>
<status status="PASS" start="2025-09-11T00:51:50.283033" elapsed="0.000158"/>
</kw>
<return>
<value>${hdr}</value>
<status status="PASS" start="2025-09-11T00:51:50.283219" elapsed="0.000015"/>
</return>
<msg time="2025-09-11T00:51:50.283302" level="INFO">${HDR} = {'Authorization': 'Bearer eyJhbGciOiJIUzI1NiIsInR5cCI6IkpXVCJ9.eyJ0b2tlbl90eXBlIjoiYWNjZXNzIiwiZXhwIjoxNzU3NTQ4MzEwLCJpYXQiOjE3NTc1NDQ3MTAsImp0aSI6IjkyOGY3ZjBhODFhMTRiYTU4NmNhMzFjMTdjNzc4NzYxIiwidXNlc...</msg>
<var>${HDR}</var>
<arg>${ACCESS}</arg>
<doc>Construit le header Authorization=Bearer &lt;token&gt;.</doc>
<status status="PASS" start="2025-09-11T00:51:50.282880" elapsed="0.000435"/>
</kw>
<kw name="GET On Session" owner="RequestsLibrary">
<msg time="2025-09-11T00:51:50.293440" level="INFO">GET Request : url=http://localhost:8000/api/todos/ 
 path_url=/api/todos/ 
 headers={'User-Agent': 'python-requests/2.32.4', 'Accept-Encoding': 'gzip, deflate', 'Accept': '*/*', 'Connection': 'keep-alive', 'Authorization': 'Bearer eyJhbGciOiJIUzI1NiIsInR5cCI6IkpXVCJ9.eyJ0b2tlbl90eXBlIjoiYWNjZXNzIiwiZXhwIjoxNzU3NTQ4MzEwLCJpYXQiOjE3NTc1NDQ3MTAsImp0aSI6IjkyOGY3ZjBhODFhMTRiYTU4NmNhMzFjMTdjNzc4NzYxIiwidXNlcl9pZCI6IjEifQ.XMUXOVfyRJ6h00GjhJ-C1ABIEL2_zOlXKAJC8SixSP4'} 
 body=None 
 </msg>
<msg time="2025-09-11T00:51:50.293516" level="INFO">GET Response : url=http://localhost:8000/api/todos/ 
 status=200, reason=OK 
 headers={'Date': 'Wed, 10 Sep 2025 22:51:50 GMT', 'Server': 'WSGIServer/0.2 CPython/3.13.6', 'Content-Type': 'application/json', 'Vary': 'Accept, origin', 'Allow': 'GET, POST, HEAD, OPTIONS', 'X-Frame-Options': 'DENY', 'Content-Length': '3099', 'X-Content-Type-Options': 'nosniff', 'Referrer-Policy': 'same-origin', 'Cross-Origin-Opener-Policy': 'same-origin'} 
 body=[{"id":29,"title":"Todo depuis Robot","description":"Première passe","inprogress":true,"completed":false,"owner":"etienne"},{"id":27,"title":"Todo modifié par Robot","description":"Première passe","inprogress":false,"completed":true,"owner":"etienne"},{"id":26,"title":"Todo depuis Robot","description":"Première passe","inprogress":true,"completed":false,"owner":"etienne"},{"id":25,"title":"Todo depuis Robot","description":"Première passe","inprogress":true,"completed":false,"owner":"etienne"},{"id":24,"title":"Todo depuis Robot","description":"Première passe","inprogress":true,"completed":false,"owner":"etienne"},{"id":23,"title":"Todo depuis Robot","description":"Première passe","inprogress":true,"completed":false,"owner":"etienne"},{"id":22,"title":"Todo depuis Robot","description":"Première passe","inprogress":true,"completed":false,"owner":"etienne"},{"id":21,"title":"Todo depuis Robot","description":"Première passe","inprogress":true,"completed":false,"owner":"etienne"},{"id":20,"title":"Todo depuis Robot","description":"Première passe","inprogress":true,"completed":false,"owner":"etienne"},{"id":19,"title":"Todo depuis Robot","description":"Première passe","inprogress":true,"completed":false,"owner":"etienne"},{"id":18,"title":"Todo depuis Robot","description":"Première passe","inprogress":true,"completed":false,"owner":"etienne"},{"id":17,"title":"Todo depuis Robot","description":"Première passe","inprogress":true,"completed":false,"owner":"etienne"},{"id":16,"title":"Todo depuis Robot","description":"Première passe","inprogress":true,"completed":false,"owner":"etienne"},{"id":15,"title":"Todo depuis Robot","description":"Première passe","inprogress":true,"completed":false,"owner":"etienne"},{"id":14,"title":"Todo depuis Robot","description":"Première passe","inprogress":true,"completed":false,"owner":"etienne"},{"id":12,"title":"Test","description":"Pytest, Jest, Postman","inprogress":false,"completed":false,"owner":"etienne"},{"id":10,"title":"Gestion des utilisateurs","description":"Inscription d’un utilisateur avec un email et un mot de passe, Connexion et déconnexion sécurisée, ⁠Interface utilisateur avec React et TypeScript, ⁠Un formulaire pour ajouter une tâche, Une liste dynamique des tâches avec possibilité de filtrer les tâches (par statut), ⁠Une gestion des erreurs et des notifications (\"Tâche ajoutée avec succès\"),","inprogress":true,"completed":false,"owner":"etienne"},{"id":9,"title":"Gestion des tâches","description":"Ajouter une tâche (titre et une description), Modifier une tâche, Supprimer une tâche, Marquer une tâche (EX : Statut : En cous ou terminé), Lister les tâches (avec un filtre pour afficher seulement les tâches terminées ou en cours)","inprogress":false,"completed":true,"owner":"etienne"},{"id":7,"title":"Base de données","description":"SQL Server","inprogress":true,"completed":false,"owner":"etienne"},{"id":6,"title":"⁠Backend","description":"Python,Architecture  API REST, Authentification JWT, ORM Django","inprogress":false,"completed":true,"owner":"etienne"}] 
 </msg>
<msg time="2025-09-11T00:51:50.293628" level="INFO">${resp} = &lt;Response [200]&gt;</msg>
<var>${resp}</var>
<arg>api</arg>
<arg>${TODOS_PATH}</arg>
<arg>headers=${HDR}</arg>
<doc>Sends a GET request on a previously created HTTP Session.</doc>
<status status="PASS" start="2025-09-11T00:51:50.283386" elapsed="0.010258"/>
</kw>
<kw name="Should Be Equal As Integers" owner="BuiltIn">
<msg time="2025-09-11T00:51:50.295545" level="INFO">Argument types are:
&lt;class 'int'&gt;
&lt;class 'str'&gt;</msg>
<arg>${resp.status_code}</arg>
<arg>200</arg>
<doc>Fails if objects are unequal after converting them to integers.</doc>
<status status="PASS" start="2025-09-11T00:51:50.294931" elapsed="0.000677"/>
</kw>
<doc>Smoke test sur /api/todos/ avec Authorization Bearer (doit renvoyer 200).</doc>
<status status="PASS" start="2025-09-11T00:51:50.172446" elapsed="0.123326"/>
</test>
<test id="s1-t4" name="CRUD Todo End-To-End" line="224">
<kw name="Login And Get Tokens">
<kw name="Create Dictionary" owner="BuiltIn">
<msg time="2025-09-11T00:51:50.304788" level="INFO">&amp;{payload} = { username=etienne | password=etienne }</msg>
<var>&amp;{payload}</var>
<arg>username=${USERNAME}</arg>
<arg>password=${PASSWORD}</arg>
<doc>Creates and returns a dictionary based on the given ``items``.</doc>
<status status="PASS" start="2025-09-11T00:51:50.297792" elapsed="0.007092"/>
</kw>
<kw name="Create Dictionary" owner="BuiltIn">
<msg time="2025-09-11T00:51:50.305338" level="INFO">&amp;{hdr} = { Content-Type=application/json }</msg>
<var>&amp;{hdr}</var>
<arg>Content-Type=application/json</arg>
<doc>Creates and returns a dictionary based on the given ``items``.</doc>
<status status="PASS" start="2025-09-11T00:51:50.305091" elapsed="0.000266"/>
</kw>
<kw name="POST On Session" owner="RequestsLibrary">
<msg time="2025-09-11T00:51:50.443270" level="INFO">POST Request : url=http://localhost:8000/api/token/ 
 path_url=/api/token/ 
 headers={'User-Agent': 'python-requests/2.32.4', 'Accept-Encoding': 'gzip, deflate', 'Accept': '*/*', 'Connection': 'keep-alive', 'Content-Type': 'application/json', 'Content-Length': '46'} 
 body=b'{"username": "etienne", "password": "etienne"}' 
 </msg>
<msg time="2025-09-11T00:51:50.443339" level="INFO">POST Response : url=http://localhost:8000/api/token/ 
 status=200, reason=OK 
 headers={'Date': 'Wed, 10 Sep 2025 22:51:50 GMT', 'Server': 'WSGIServer/0.2 CPython/3.13.6', 'Content-Type': 'application/json', 'Vary': 'Accept, origin', 'Allow': 'POST, OPTIONS', 'X-Frame-Options': 'DENY', 'Content-Length': '489', 'X-Content-Type-Options': 'nosniff', 'Referrer-Policy': 'same-origin', 'Cross-Origin-Opener-Policy': 'same-origin'} 
 body={"refresh":"eyJhbGciOiJIUzI1NiIsInR5cCI6IkpXVCJ9.eyJ0b2tlbl90eXBlIjoicmVmcmVzaCIsImV4cCI6MTc1NzYzMTExMCwiaWF0IjoxNzU3NTQ0NzEwLCJqdGkiOiI1NTQ4YTJjM2U4MDg0NGU2YjEyZGI4ZTAwNTlmOTQ0ZSIsInVzZXJfaWQiOiIxIn0.3BKC0hqJeSnKWClJjRwbz1Wwa3uETSQ325f0c0moK8c","access":"eyJhbGciOiJIUzI1NiIsInR5cCI6IkpXVCJ9.eyJ0b2tlbl90eXBlIjoiYWNjZXNzIiwiZXhwIjoxNzU3NTQ4MzEwLCJpYXQiOjE3NTc1NDQ3MTAsImp0aSI6IjdkMGVhZWMwM2VjZTQ0YzhiY2ZhNDlkOTMxZWE0NjkyIiwidXNlcl9pZCI6IjEifQ.fwhXzBpgvULXtha8RLJL9W1Etz3WJFyo-bkaZ9uzorU"} 
 </msg>
<msg time="2025-09-11T00:51:50.443438" level="INFO">${resp} = &lt;Response [200]&gt;</msg>
<var>${resp}</var>
<arg>api</arg>
<arg>${AUTH_PATH}</arg>
<arg>json=${payload}</arg>
<arg>headers=${hdr}</arg>
<doc>Sends a POST request on a previously created HTTP Session.</doc>
<status status="PASS" start="2025-09-11T00:51:50.305436" elapsed="0.138020"/>
</kw>
<kw name="Should Be Equal As Integers" owner="BuiltIn">
<msg time="2025-09-11T00:51:50.443913" level="INFO">Argument types are:
&lt;class 'int'&gt;
&lt;class 'str'&gt;</msg>
<arg>${resp.status_code}</arg>
<arg>200</arg>
<doc>Fails if objects are unequal after converting them to integers.</doc>
<status status="PASS" start="2025-09-11T00:51:50.443570" elapsed="0.000377"/>
</kw>
<kw name="Set Variable" owner="BuiltIn">
<msg time="2025-09-11T00:51:50.444298" level="INFO">${data} = {'refresh': 'eyJhbGciOiJIUzI1NiIsInR5cCI6IkpXVCJ9.eyJ0b2tlbl90eXBlIjoicmVmcmVzaCIsImV4cCI6MTc1NzYzMTExMCwiaWF0IjoxNzU3NTQ0NzEwLCJqdGkiOiI1NTQ4YTJjM2U4MDg0NGU2YjEyZGI4ZTAwNTlmOTQ0ZSIsInVzZXJfaWQiOiIxIn...</msg>
<var>${data}</var>
<arg>${resp.json()}</arg>
<doc>Returns the given values which can then be assigned to a variables.</doc>
<status status="PASS" start="2025-09-11T00:51:50.444013" elapsed="0.000301"/>
</kw>
<kw name="Dictionary Should Contain Key" owner="Collections">
<arg>${data}</arg>
<arg>access</arg>
<doc>Fails if ``key`` is not found from ``dictionary``.</doc>
<status status="PASS" start="2025-09-11T00:51:50.444371" elapsed="0.000085"/>
</kw>
<kw name="Dictionary Should Contain Key" owner="Collections">
<arg>${data}</arg>
<arg>refresh</arg>
<doc>Fails if ``key`` is not found from ``dictionary``.</doc>
<status status="PASS" start="2025-09-11T00:51:50.444505" elapsed="0.000064"/>
</kw>
<return>
<value>${data['access']}</value>
<value>${data['refresh']}</value>
<status status="PASS" start="2025-09-11T00:51:50.444599" elapsed="0.000025"/>
</return>
<msg time="2025-09-11T00:51:50.445042" level="INFO">${ACCESS} = eyJhbGciOiJIUzI1NiIsInR5cCI6IkpXVCJ9.eyJ0b2tlbl90eXBlIjoiYWNjZXNzIiwiZXhwIjoxNzU3NTQ4MzEwLCJpYXQiOjE3NTc1NDQ3MTAsImp0aSI6IjdkMGVhZWMwM2VjZTQ0YzhiY2ZhNDlkOTMxZWE0NjkyIiwidXNlcl9pZCI6IjEifQ.fwhXzBpgvULX...</msg>
<msg time="2025-09-11T00:51:50.445066" level="INFO">${REFRESH} = eyJhbGciOiJIUzI1NiIsInR5cCI6IkpXVCJ9.eyJ0b2tlbl90eXBlIjoicmVmcmVzaCIsImV4cCI6MTc1NzYzMTExMCwiaWF0IjoxNzU3NTQ0NzEwLCJqdGkiOiI1NTQ4YTJjM2U4MDg0NGU2YjEyZGI4ZTAwNTlmOTQ0ZSIsInVzZXJfaWQiOiIxIn0.3BKC0hqJeSn...</msg>
<var>${ACCESS}</var>
<var>${REFRESH}</var>
<doc>POST /api/token/ avec etienne/etienne. Retourne ${ACCESS} et ${REFRESH}.</doc>
<status status="PASS" start="2025-09-11T00:51:50.297505" elapsed="0.147574"/>
</kw>
<kw name="Create Todo">
<kw name="Auth Header">
<kw name="Create Dictionary" owner="BuiltIn">
<msg time="2025-09-11T00:51:50.445779" level="INFO">&amp;{hdr} = { Authorization=Bearer eyJhbGciOiJIUzI1NiIsInR5cCI6IkpXVCJ9.eyJ0b2tlbl90eXBlIjoiYWNjZXNzIiwiZXhwIjoxNzU3NTQ4MzEwLCJpYXQiOjE3NTc1NDQ3MTAsImp0aSI6IjdkMGVhZWMwM2VjZTQ0YzhiY2ZhNDlkOTMxZWE0NjkyIiwidXNlcl9p...</msg>
<var>&amp;{hdr}</var>
<arg>Authorization=Bearer ${access}</arg>
<doc>Creates and returns a dictionary based on the given ``items``.</doc>
<status status="PASS" start="2025-09-11T00:51:50.445635" elapsed="0.000160"/>
</kw>
<return>
<value>${hdr}</value>
<status status="PASS" start="2025-09-11T00:51:50.445823" elapsed="0.000017"/>
</return>
<msg time="2025-09-11T00:51:50.445904" level="INFO">${HDR} = {'Authorization': 'Bearer eyJhbGciOiJIUzI1NiIsInR5cCI6IkpXVCJ9.eyJ0b2tlbl90eXBlIjoiYWNjZXNzIiwiZXhwIjoxNzU3NTQ4MzEwLCJpYXQiOjE3NTc1NDQ3MTAsImp0aSI6IjdkMGVhZWMwM2VjZTQ0YzhiY2ZhNDlkOTMxZWE0NjkyIiwidXNlc...</msg>
<var>${HDR}</var>
<arg>${access}</arg>
<doc>Construit le header Authorization=Bearer &lt;token&gt;.</doc>
<status status="PASS" start="2025-09-11T00:51:50.445502" elapsed="0.000415"/>
</kw>
<kw name="Create Dictionary" owner="BuiltIn">
<msg time="2025-09-11T00:51:50.446151" level="INFO">&amp;{payload} = { title=Todo depuis Robot | description=Première passe | inprogress=True | completed=False }</msg>
<var>&amp;{payload}</var>
<arg>title=${title}</arg>
<arg>description=${description}</arg>
<arg>inprogress=${inprogress}</arg>
<arg>completed=${completed}</arg>
<doc>Creates and returns a dictionary based on the given ``items``.</doc>
<status status="PASS" start="2025-09-11T00:51:50.445972" elapsed="0.000196"/>
</kw>
<kw name="POST On Session" owner="RequestsLibrary">
<msg time="2025-09-11T00:51:50.451197" level="INFO">POST Request : url=http://localhost:8000/api/todos/ 
 path_url=/api/todos/ 
 headers={'User-Agent': 'python-requests/2.32.4', 'Accept-Encoding': 'gzip, deflate', 'Accept': '*/*', 'Connection': 'keep-alive', 'Authorization': 'Bearer eyJhbGciOiJIUzI1NiIsInR5cCI6IkpXVCJ9.eyJ0b2tlbl90eXBlIjoiYWNjZXNzIiwiZXhwIjoxNzU3NTQ4MzEwLCJpYXQiOjE3NTc1NDQ3MTAsImp0aSI6IjdkMGVhZWMwM2VjZTQ0YzhiY2ZhNDlkOTMxZWE0NjkyIiwidXNlcl9pZCI6IjEifQ.fwhXzBpgvULXtha8RLJL9W1Etz3WJFyo-bkaZ9uzorU', 'Content-Length': '112', 'Content-Type': 'application/json'} 
 body=b'{"title": "Todo depuis Robot", "description": "Premi\\u00e8re passe", "inprogress": "True", "completed": "False"}' 
 </msg>
<msg time="2025-09-11T00:51:50.451239" level="INFO">POST Response : url=http://localhost:8000/api/todos/ 
 status=201, reason=Created 
 headers={'Date': 'Wed, 10 Sep 2025 22:51:50 GMT', 'Server': 'WSGIServer/0.2 CPython/3.13.6', 'Content-Type': 'application/json', 'Vary': 'Accept, origin', 'Allow': 'GET, POST, HEAD, OPTIONS', 'X-Frame-Options': 'DENY', 'Content-Length': '124', 'X-Content-Type-Options': 'nosniff', 'Referrer-Policy': 'same-origin', 'Cross-Origin-Opener-Policy': 'same-origin'} 
 body={"id":138,"title":"Todo depuis Robot","description":"Première passe","inprogress":true,"completed":false,"owner":"etienne"} 
 </msg>
<msg time="2025-09-11T00:51:50.451377" level="INFO">${resp} = &lt;Response [201]&gt;</msg>
<var>${resp}</var>
<arg>api</arg>
<arg>${TODOS_PATH}</arg>
<arg>json=${payload}</arg>
<arg>headers=${HDR}</arg>
<doc>Sends a POST request on a previously created HTTP Session.</doc>
<status status="PASS" start="2025-09-11T00:51:50.446225" elapsed="0.005169"/>
</kw>
<kw name="Should Be Equal As Integers" owner="BuiltIn">
<msg time="2025-09-11T00:51:50.451742" level="INFO">Argument types are:
&lt;class 'int'&gt;
&lt;class 'str'&gt;</msg>
<arg>${resp.status_code}</arg>
<arg>201</arg>
<doc>Fails if objects are unequal after converting them to integers.</doc>
<status status="PASS" start="2025-09-11T00:51:50.451471" elapsed="0.000302"/>
</kw>
<kw name="Set Variable" owner="BuiltIn">
<msg time="2025-09-11T00:51:50.452105" level="INFO">${body} = {'id': 138, 'title': 'Todo depuis Robot', 'description': 'Première passe', 'inprogress': True, 'completed': False, 'owner': 'etienne'}</msg>
<var>${body}</var>
<arg>${resp.json()}</arg>
<doc>Returns the given values which can then be assigned to a variables.</doc>
<status status="PASS" start="2025-09-11T00:51:50.451829" elapsed="0.000291"/>
</kw>
<kw name="Dictionary Should Contain Key" owner="Collections">
<arg>${body}</arg>
<arg>id</arg>
<doc>Fails if ``key`` is not found from ``dictionary``.</doc>
<status status="PASS" start="2025-09-11T00:51:50.452172" elapsed="0.000070"/>
</kw>
<return>
<value>${body}</value>
<status status="PASS" start="2025-09-11T00:51:50.452270" elapsed="0.000018"/>
</return>
<msg time="2025-09-11T00:51:50.452353" level="INFO">${todo} = {'id': 138, 'title': 'Todo depuis Robot', 'description': 'Première passe', 'inprogress': True, 'completed': False, 'owner': 'etienne'}</msg>
<var>${todo}</var>
<arg>${ACCESS}</arg>
<arg>title=Todo depuis Robot</arg>
<arg>description=Première passe</arg>
<arg>inprogress=True</arg>
<arg>completed=False</arg>
<doc>Crée une todo appartenant à l'utilisateur connecté (owner auto via perform_create).</doc>
<status status="PASS" start="2025-09-11T00:51:50.445234" elapsed="0.007133"/>
</kw>
<kw name="Set Variable" owner="BuiltIn">
<msg time="2025-09-11T00:51:50.452702" level="INFO">${todo_id} = 138</msg>
<var>${todo_id}</var>
<arg>${todo['id']}</arg>
<doc>Returns the given values which can then be assigned to a variables.</doc>
<status status="PASS" start="2025-09-11T00:51:50.452446" elapsed="0.000270"/>
</kw>
<kw name="Should Not Be Equal" owner="BuiltIn">
<msg time="2025-09-11T00:51:50.452861" level="INFO">Argument types are:
&lt;class 'int'&gt;
&lt;class 'NoneType'&gt;</msg>
<arg>${todo_id}</arg>
<arg>${NONE}</arg>
<doc>Fails if the given objects are equal.</doc>
<status status="PASS" start="2025-09-11T00:51:50.452784" elapsed="0.000106"/>
</kw>
<kw name="Get Todo">
<kw name="Auth Header">
<kw name="Create Dictionary" owner="BuiltIn">
<msg time="2025-09-11T00:51:50.453417" level="INFO">&amp;{hdr} = { Authorization=Bearer eyJhbGciOiJIUzI1NiIsInR5cCI6IkpXVCJ9.eyJ0b2tlbl90eXBlIjoiYWNjZXNzIiwiZXhwIjoxNzU3NTQ4MzEwLCJpYXQiOjE3NTc1NDQ3MTAsImp0aSI6IjdkMGVhZWMwM2VjZTQ0YzhiY2ZhNDlkOTMxZWE0NjkyIiwidXNlcl9p...</msg>
<var>&amp;{hdr}</var>
<arg>Authorization=Bearer ${access}</arg>
<doc>Creates and returns a dictionary based on the given ``items``.</doc>
<status status="PASS" start="2025-09-11T00:51:50.453292" elapsed="0.000140"/>
</kw>
<return>
<value>${hdr}</value>
<status status="PASS" start="2025-09-11T00:51:50.453457" elapsed="0.000015"/>
</return>
<msg time="2025-09-11T00:51:50.453530" level="INFO">${HDR} = {'Authorization': 'Bearer eyJhbGciOiJIUzI1NiIsInR5cCI6IkpXVCJ9.eyJ0b2tlbl90eXBlIjoiYWNjZXNzIiwiZXhwIjoxNzU3NTQ4MzEwLCJpYXQiOjE3NTc1NDQ3MTAsImp0aSI6IjdkMGVhZWMwM2VjZTQ0YzhiY2ZhNDlkOTMxZWE0NjkyIiwidXNlc...</msg>
<var>${HDR}</var>
<arg>${access}</arg>
<doc>Construit le header Authorization=Bearer &lt;token&gt;.</doc>
<status status="PASS" start="2025-09-11T00:51:50.453163" elapsed="0.000379"/>
</kw>
<kw name="GET On Session" owner="RequestsLibrary">
<msg time="2025-09-11T00:51:50.457063" level="INFO">GET Request : url=http://localhost:8000/api/todos/138/ 
 path_url=/api/todos/138/ 
 headers={'User-Agent': 'python-requests/2.32.4', 'Accept-Encoding': 'gzip, deflate', 'Accept': '*/*', 'Connection': 'keep-alive', 'Authorization': 'Bearer eyJhbGciOiJIUzI1NiIsInR5cCI6IkpXVCJ9.eyJ0b2tlbl90eXBlIjoiYWNjZXNzIiwiZXhwIjoxNzU3NTQ4MzEwLCJpYXQiOjE3NTc1NDQ3MTAsImp0aSI6IjdkMGVhZWMwM2VjZTQ0YzhiY2ZhNDlkOTMxZWE0NjkyIiwidXNlcl9pZCI6IjEifQ.fwhXzBpgvULXtha8RLJL9W1Etz3WJFyo-bkaZ9uzorU'} 
 body=None 
 </msg>
<msg time="2025-09-11T00:51:50.457121" level="INFO">GET Response : url=http://localhost:8000/api/todos/138/ 
 status=200, reason=OK 
 headers={'Date': 'Wed, 10 Sep 2025 22:51:50 GMT', 'Server': 'WSGIServer/0.2 CPython/3.13.6', 'Content-Type': 'application/json', 'Vary': 'Accept, origin', 'Allow': 'GET, PUT, PATCH, DELETE, HEAD, OPTIONS', 'X-Frame-Options': 'DENY', 'Content-Length': '124', 'X-Content-Type-Options': 'nosniff', 'Referrer-Policy': 'same-origin', 'Cross-Origin-Opener-Policy': 'same-origin'} 
 body={"id":138,"title":"Todo depuis Robot","description":"Première passe","inprogress":true,"completed":false,"owner":"etienne"} 
 </msg>
<msg time="2025-09-11T00:51:50.457197" level="INFO">${resp} = &lt;Response [200]&gt;</msg>
<var>${resp}</var>
<arg>api</arg>
<arg>${TODOS_PATH}${id}/</arg>
<arg>headers=${HDR}</arg>
<doc>Sends a GET request on a previously created HTTP Session.</doc>
<status status="PASS" start="2025-09-11T00:51:50.453596" elapsed="0.003619"/>
</kw>
<kw name="Should Be Equal As Integers" owner="BuiltIn">
<msg time="2025-09-11T00:51:50.457621" level="INFO">Argument types are:
&lt;class 'int'&gt;
&lt;class 'str'&gt;</msg>
<arg>${resp.status_code}</arg>
<arg>200</arg>
<doc>Fails if objects are unequal after converting them to integers.</doc>
<status status="PASS" start="2025-09-11T00:51:50.457301" elapsed="0.000355"/>
</kw>
<return>
<value>${resp.json()}</value>
<status status="PASS" start="2025-09-11T00:51:50.457687" elapsed="0.000022"/>
</return>
<msg time="2025-09-11T00:51:50.457995" level="INFO">${t1} = {'id': 138, 'title': 'Todo depuis Robot', 'description': 'Première passe', 'inprogress': True, 'completed': False, 'owner': 'etienne'}</msg>
<var>${t1}</var>
<arg>${ACCESS}</arg>
<arg>${todo_id}</arg>
<doc>Récupère le détail d’une todo par id (200 attendu si elle appartient au token courant).</doc>
<status status="PASS" start="2025-09-11T00:51:50.452994" elapsed="0.005018"/>
</kw>
<kw name="Should Be Equal As Integers" owner="BuiltIn">
<arg>${t1['id']}</arg>
<arg>${todo_id}</arg>
<doc>Fails if objects are unequal after converting them to integers.</doc>
<status status="PASS" start="2025-09-11T00:51:50.458103" elapsed="0.000362"/>
</kw>
<kw name="List Todos">
<kw name="Auth Header">
<kw name="Create Dictionary" owner="BuiltIn">
<msg time="2025-09-11T00:51:50.459365" level="INFO">&amp;{hdr} = { Authorization=Bearer eyJhbGciOiJIUzI1NiIsInR5cCI6IkpXVCJ9.eyJ0b2tlbl90eXBlIjoiYWNjZXNzIiwiZXhwIjoxNzU3NTQ4MzEwLCJpYXQiOjE3NTc1NDQ3MTAsImp0aSI6IjdkMGVhZWMwM2VjZTQ0YzhiY2ZhNDlkOTMxZWE0NjkyIiwidXNlcl9p...</msg>
<var>&amp;{hdr}</var>
<arg>Authorization=Bearer ${access}</arg>
<doc>Creates and returns a dictionary based on the given ``items``.</doc>
<status status="PASS" start="2025-09-11T00:51:50.458963" elapsed="0.000445"/>
</kw>
<return>
<value>${hdr}</value>
<status status="PASS" start="2025-09-11T00:51:50.459490" elapsed="0.000054"/>
</return>
<msg time="2025-09-11T00:51:50.459709" level="INFO">${HDR} = {'Authorization': 'Bearer eyJhbGciOiJIUzI1NiIsInR5cCI6IkpXVCJ9.eyJ0b2tlbl90eXBlIjoiYWNjZXNzIiwiZXhwIjoxNzU3NTQ4MzEwLCJpYXQiOjE3NTc1NDQ3MTAsImp0aSI6IjdkMGVhZWMwM2VjZTQ0YzhiY2ZhNDlkOTMxZWE0NjkyIiwidXNlc...</msg>
<var>${HDR}</var>
<arg>${access}</arg>
<doc>Construit le header Authorization=Bearer &lt;token&gt;.</doc>
<status status="PASS" start="2025-09-11T00:51:50.458823" elapsed="0.000912"/>
</kw>
<kw name="GET On Session" owner="RequestsLibrary">
<msg time="2025-09-11T00:51:50.468005" level="INFO">GET Request : url=http://localhost:8000/api/todos/ 
 path_url=/api/todos/ 
 headers={'User-Agent': 'python-requests/2.32.4', 'Accept-Encoding': 'gzip, deflate', 'Accept': '*/*', 'Connection': 'keep-alive', 'Authorization': 'Bearer eyJhbGciOiJIUzI1NiIsInR5cCI6IkpXVCJ9.eyJ0b2tlbl90eXBlIjoiYWNjZXNzIiwiZXhwIjoxNzU3NTQ4MzEwLCJpYXQiOjE3NTc1NDQ3MTAsImp0aSI6IjdkMGVhZWMwM2VjZTQ0YzhiY2ZhNDlkOTMxZWE0NjkyIiwidXNlcl9pZCI6IjEifQ.fwhXzBpgvULXtha8RLJL9W1Etz3WJFyo-bkaZ9uzorU'} 
 body=None 
 </msg>
<msg time="2025-09-11T00:51:50.468143" level="INFO">GET Response : url=http://localhost:8000/api/todos/ 
 status=200, reason=OK 
 headers={'Date': 'Wed, 10 Sep 2025 22:51:50 GMT', 'Server': 'WSGIServer/0.2 CPython/3.13.6', 'Content-Type': 'application/json', 'Vary': 'Accept, origin', 'Allow': 'GET, POST, HEAD, OPTIONS', 'X-Frame-Options': 'DENY', 'Content-Length': '3224', 'X-Content-Type-Options': 'nosniff', 'Referrer-Policy': 'same-origin', 'Cross-Origin-Opener-Policy': 'same-origin'} 
 body=[{"id":138,"title":"Todo depuis Robot","description":"Première passe","inprogress":true,"completed":false,"owner":"etienne"},{"id":29,"title":"Todo depuis Robot","description":"Première passe","inprogress":true,"completed":false,"owner":"etienne"},{"id":27,"title":"Todo modifié par Robot","description":"Première passe","inprogress":false,"completed":true,"owner":"etienne"},{"id":26,"title":"Todo depuis Robot","description":"Première passe","inprogress":true,"completed":false,"owner":"etienne"},{"id":25,"title":"Todo depuis Robot","description":"Première passe","inprogress":true,"completed":false,"owner":"etienne"},{"id":24,"title":"Todo depuis Robot","description":"Première passe","inprogress":true,"completed":false,"owner":"etienne"},{"id":23,"title":"Todo depuis Robot","description":"Première passe","inprogress":true,"completed":false,"owner":"etienne"},{"id":22,"title":"Todo depuis Robot","description":"Première passe","inprogress":true,"completed":false,"owner":"etienne"},{"id":21,"title":"Todo depuis Robot","description":"Première passe","inprogress":true,"completed":false,"owner":"etienne"},{"id":20,"title":"Todo depuis Robot","description":"Première passe","inprogress":true,"completed":false,"owner":"etienne"},{"id":19,"title":"Todo depuis Robot","description":"Première passe","inprogress":true,"completed":false,"owner":"etienne"},{"id":18,"title":"Todo depuis Robot","description":"Première passe","inprogress":true,"completed":false,"owner":"etienne"},{"id":17,"title":"Todo depuis Robot","description":"Première passe","inprogress":true,"completed":false,"owner":"etienne"},{"id":16,"title":"Todo depuis Robot","description":"Première passe","inprogress":true,"completed":false,"owner":"etienne"},{"id":15,"title":"Todo depuis Robot","description":"Première passe","inprogress":true,"completed":false,"owner":"etienne"},{"id":14,"title":"Todo depuis Robot","description":"Première passe","inprogress":true,"completed":false,"owner":"etienne"},{"id":12,"title":"Test","description":"Pytest, Jest, Postman","inprogress":false,"completed":false,"owner":"etienne"},{"id":10,"title":"Gestion des utilisateurs","description":"Inscription d’un utilisateur avec un email et un mot de passe, Connexion et déconnexion sécurisée, ⁠Interface utilisateur avec React et TypeScript, ⁠Un formulaire pour ajouter une tâche, Une liste dynamique des tâches avec possibilité de filtrer les tâches (par statut), ⁠Une gestion des erreurs et des notifications (\"Tâche ajoutée avec succès\"),","inprogress":true,"completed":false,"owner":"etienne"},{"id":9,"title":"Gestion des tâches","description":"Ajouter une tâche (titre et une description), Modifier une tâche, Supprimer une tâche, Marquer une tâche (EX : Statut : En cous ou terminé), Lister les tâches (avec un filtre pour afficher seulement les tâches terminées ou en cours)","inprogress":false,"completed":true,"owner":"etienne"},{"id":7,"title":"Base de données","description":"SQL Server","inprogress":true,"completed":false,"owner":"etienne"},{"id":6,"title":"⁠Backend","description":"Python,Architecture  API REST, Authentification JWT, ORM Django","inprogress":false,"completed":true,"owner":"etienne"}] 
 </msg>
<msg time="2025-09-11T00:51:50.468239" level="INFO">${resp} = &lt;Response [200]&gt;</msg>
<var>${resp}</var>
<arg>api</arg>
<arg>${TODOS_PATH}</arg>
<arg>headers=${HDR}</arg>
<doc>Sends a GET request on a previously created HTTP Session.</doc>
<status status="PASS" start="2025-09-11T00:51:50.459818" elapsed="0.008438"/>
</kw>
<kw name="Should Be Equal As Integers" owner="BuiltIn">
<msg time="2025-09-11T00:51:50.468675" level="INFO">Argument types are:
&lt;class 'int'&gt;
&lt;class 'str'&gt;</msg>
<arg>${resp.status_code}</arg>
<arg>200</arg>
<doc>Fails if objects are unequal after converting them to integers.</doc>
<status status="PASS" start="2025-09-11T00:51:50.468341" elapsed="0.000369"/>
</kw>
<kw name="Set Variable" owner="BuiltIn">
<msg time="2025-09-11T00:51:50.469140" level="INFO">${data} = [{'id': 138, 'title': 'Todo depuis Robot', 'description': 'Première passe', 'inprogress': True, 'completed': False, 'owner': 'etienne'}, {'id': 29, 'title': 'Todo depuis Robot', 'description': 'Premiè...</msg>
<var>${data}</var>
<arg>${resp.json()}</arg>
<doc>Returns the given values which can then be assigned to a variables.</doc>
<status status="PASS" start="2025-09-11T00:51:50.468773" elapsed="0.000385"/>
</kw>
<kw name="Run Keyword And Return Status" owner="BuiltIn">
<kw name="Dictionary Should Contain Key" owner="Collections">
<msg time="2025-09-11T00:51:50.469446" level="FAIL">TypeError: Expected argument 1 to be a dictionary, got list instead.</msg>
<arg>${data}</arg>
<arg>results</arg>
<doc>Fails if ``key`` is not found from ``dictionary``.</doc>
<status status="FAIL" start="2025-09-11T00:51:50.469305" elapsed="0.000243">TypeError: Expected argument 1 to be a dictionary, got list instead.</status>
</kw>
<msg time="2025-09-11T00:51:50.469606" level="INFO">${has_results} = False</msg>
<var>${has_results}</var>
<arg>Dictionary Should Contain Key</arg>
<arg>${data}</arg>
<arg>results</arg>
<doc>Runs the given keyword with given arguments and returns the status as a Boolean value.</doc>
<status status="PASS" start="2025-09-11T00:51:50.469222" elapsed="0.000397"/>
</kw>
<if>
<branch type="IF" condition="${has_results}">
<kw name="Get From Dictionary" owner="Collections">
<var>${results}</var>
<arg>${data}</arg>
<arg>results</arg>
<doc>Returns a value from the given ``dictionary`` based on the given ``key``.</doc>
<status status="NOT RUN" start="2025-09-11T00:51:50.469774" elapsed="0.000011"/>
</kw>
<return>
<value>${results}</value>
<status status="NOT RUN" start="2025-09-11T00:51:50.469811" elapsed="0.000009"/>
</return>
<status status="NOT RUN" start="2025-09-11T00:51:50.469687" elapsed="0.000150"/>
</branch>
<branch type="ELSE">
<return>
<value>${data}</value>
<status status="PASS" start="2025-09-11T00:51:50.469879" elapsed="0.000015"/>
</return>
<status status="PASS" start="2025-09-11T00:51:50.469853" elapsed="0.000058"/>
</branch>
<status status="PASS" start="2025-09-11T00:51:50.469663" elapsed="0.000259"/>
</if>
<msg time="2025-09-11T00:51:50.470030" level="INFO">${all} = [{'id': 138, 'title': 'Todo depuis Robot', 'description': 'Première passe', 'inprogress': True, 'completed': False, 'owner': 'etienne'}, {'id': 29, 'title': 'Todo depuis Robot', 'description': 'Premiè...</msg>
<var>${all}</var>
<arg>${ACCESS}</arg>
<doc>Liste les todos de l’utilisateur (gère la pagination DRF: results[]).</doc>
<status status="PASS" start="2025-09-11T00:51:50.458652" elapsed="0.011392"/>
</kw>
<kw name="Get Length" owner="BuiltIn">
<msg time="2025-09-11T00:51:50.470195" level="INFO">Length is 21.</msg>
<msg time="2025-09-11T00:51:50.470232" level="INFO">${count} = 21</msg>
<var>${count}</var>
<arg>${all}</arg>
<doc>Returns and logs the length of the given item as an integer.</doc>
<status status="PASS" start="2025-09-11T00:51:50.470133" elapsed="0.000110"/>
</kw>
<kw name="Should Be True" owner="BuiltIn">
<arg>${count} &gt;= 1</arg>
<doc>Fails if the given condition is not true.</doc>
<status status="PASS" start="2025-09-11T00:51:50.470307" elapsed="0.000121"/>
</kw>
<kw name="Update Todo">
<kw name="Auth Header">
<kw name="Create Dictionary" owner="BuiltIn">
<msg time="2025-09-11T00:51:50.471072" level="INFO">&amp;{hdr} = { Authorization=Bearer eyJhbGciOiJIUzI1NiIsInR5cCI6IkpXVCJ9.eyJ0b2tlbl90eXBlIjoiYWNjZXNzIiwiZXhwIjoxNzU3NTQ4MzEwLCJpYXQiOjE3NTc1NDQ3MTAsImp0aSI6IjdkMGVhZWMwM2VjZTQ0YzhiY2ZhNDlkOTMxZWE0NjkyIiwidXNlcl9p...</msg>
<var>&amp;{hdr}</var>
<arg>Authorization=Bearer ${access}</arg>
<doc>Creates and returns a dictionary based on the given ``items``.</doc>
<status status="PASS" start="2025-09-11T00:51:50.470938" elapsed="0.000149"/>
</kw>
<return>
<value>${hdr}</value>
<status status="PASS" start="2025-09-11T00:51:50.471161" elapsed="0.000016"/>
</return>
<msg time="2025-09-11T00:51:50.471241" level="INFO">${HDR} = {'Authorization': 'Bearer eyJhbGciOiJIUzI1NiIsInR5cCI6IkpXVCJ9.eyJ0b2tlbl90eXBlIjoiYWNjZXNzIiwiZXhwIjoxNzU3NTQ4MzEwLCJpYXQiOjE3NTc1NDQ3MTAsImp0aSI6IjdkMGVhZWMwM2VjZTQ0YzhiY2ZhNDlkOTMxZWE0NjkyIiwidXNlc...</msg>
<var>${HDR}</var>
<arg>${access}</arg>
<doc>Construit le header Authorization=Bearer &lt;token&gt;.</doc>
<status status="PASS" start="2025-09-11T00:51:50.470813" elapsed="0.000442"/>
</kw>
<kw name="Create Dictionary" owner="BuiltIn">
<msg time="2025-09-11T00:51:50.471467" level="INFO">&amp;{payload} = { title=Todo modifié par Robot | inprogress=False | completed=True }</msg>
<var>&amp;{payload}</var>
<arg>title=${new_title}</arg>
<arg>inprogress=${inprogress}</arg>
<arg>completed=${completed}</arg>
<doc>Creates and returns a dictionary based on the given ``items``.</doc>
<status status="PASS" start="2025-09-11T00:51:50.471310" elapsed="0.000172"/>
</kw>
<kw name="PATCH On Session" owner="RequestsLibrary">
<msg time="2025-09-11T00:51:50.476885" level="INFO">PATCH Request : url=http://localhost:8000/api/todos/138/ 
 path_url=/api/todos/138/ 
 headers={'User-Agent': 'python-requests/2.32.4', 'Accept-Encoding': 'gzip, deflate', 'Accept': '*/*', 'Connection': 'keep-alive', 'Authorization': 'Bearer eyJhbGciOiJIUzI1NiIsInR5cCI6IkpXVCJ9.eyJ0b2tlbl90eXBlIjoiYWNjZXNzIiwiZXhwIjoxNzU3NTQ4MzEwLCJpYXQiOjE3NTc1NDQ3MTAsImp0aSI6IjdkMGVhZWMwM2VjZTQ0YzhiY2ZhNDlkOTMxZWE0NjkyIiwidXNlcl9pZCI6IjEifQ.fwhXzBpgvULXtha8RLJL9W1Etz3WJFyo-bkaZ9uzorU', 'Content-Length': '84', 'Content-Type': 'application/json'} 
 body=b'{"title": "Todo modifi\\u00e9 par Robot", "inprogress": "False", "completed": "True"}' 
 </msg>
<msg time="2025-09-11T00:51:50.476942" level="INFO">PATCH Response : url=http://localhost:8000/api/todos/138/ 
 status=200, reason=OK 
 headers={'Date': 'Wed, 10 Sep 2025 22:51:50 GMT', 'Server': 'WSGIServer/0.2 CPython/3.13.6', 'Content-Type': 'application/json', 'Vary': 'Accept, origin', 'Allow': 'GET, PUT, PATCH, DELETE, HEAD, OPTIONS', 'X-Frame-Options': 'DENY', 'Content-Length': '130', 'X-Content-Type-Options': 'nosniff', 'Referrer-Policy': 'same-origin', 'Cross-Origin-Opener-Policy': 'same-origin'} 
 body={"id":138,"title":"Todo modifié par Robot","description":"Première passe","inprogress":false,"completed":true,"owner":"etienne"} 
 </msg>
<msg time="2025-09-11T00:51:50.477034" level="INFO">${resp} = &lt;Response [200]&gt;</msg>
<var>${resp}</var>
<arg>api</arg>
<arg>${TODOS_PATH}${id}/</arg>
<arg>json=${payload}</arg>
<arg>headers=${HDR}</arg>
<doc>Sends a PATCH request on a previously created HTTP Session.</doc>
<status status="PASS" start="2025-09-11T00:51:50.471537" elapsed="0.005512"/>
</kw>
<kw name="Should Be Equal As Integers" owner="BuiltIn">
<msg time="2025-09-11T00:51:50.477463" level="INFO">Argument types are:
&lt;class 'int'&gt;
&lt;class 'str'&gt;</msg>
<arg>${resp.status_code}</arg>
<arg>200</arg>
<doc>Fails if objects are unequal after converting them to integers.</doc>
<status status="PASS" start="2025-09-11T00:51:50.477148" elapsed="0.000348"/>
</kw>
<return>
<value>${resp.json()}</value>
<status status="PASS" start="2025-09-11T00:51:50.477529" elapsed="0.000025"/>
</return>
<msg time="2025-09-11T00:51:50.477853" level="INFO">${t2} = {'id': 138, 'title': 'Todo modifié par Robot', 'description': 'Première passe', 'inprogress': False, 'completed': True, 'owner': 'etienne'}</msg>
<var>${t2}</var>
<arg>${ACCESS}</arg>
<arg>${todo_id}</arg>
<arg>new_title=Todo modifié par Robot</arg>
<arg>inprogress=False</arg>
<arg>completed=True</arg>
<doc>Met à jour partiellement une todo (PATCH). Respecte la validation (pas inprogress &amp; completed à True).</doc>
<status status="PASS" start="2025-09-11T00:51:50.470564" elapsed="0.007306"/>
</kw>
<kw name="Should Be Equal As Strings" owner="BuiltIn">
<arg>${t2['title']}</arg>
<arg>Todo modifié par Robot</arg>
<doc>Fails if objects are unequal after converting them to strings.</doc>
<status status="PASS" start="2025-09-11T00:51:50.477965" elapsed="0.000287"/>
</kw>
<kw name="Should Be Equal As Strings" owner="BuiltIn">
<msg time="2025-09-11T00:51:50.478556" level="INFO">Argument types are:
&lt;class 'bool'&gt;
&lt;class 'str'&gt;</msg>
<arg>${t2['completed']}</arg>
<arg>True</arg>
<doc>Fails if objects are unequal after converting them to strings.</doc>
<status status="PASS" start="2025-09-11T00:51:50.478321" elapsed="0.000263"/>
</kw>
<kw name="Should Be Equal As Strings" owner="BuiltIn">
<msg time="2025-09-11T00:51:50.478884" level="INFO">Argument types are:
&lt;class 'bool'&gt;
&lt;class 'str'&gt;</msg>
<arg>${t2['inprogress']}</arg>
<arg>False</arg>
<doc>Fails if objects are unequal after converting them to strings.</doc>
<status status="PASS" start="2025-09-11T00:51:50.478649" elapsed="0.000263"/>
</kw>
<kw name="Delete Todo">
<kw name="Auth Header">
<kw name="Create Dictionary" owner="BuiltIn">
<msg time="2025-09-11T00:51:50.479469" level="INFO">&amp;{hdr} = { Authorization=Bearer eyJhbGciOiJIUzI1NiIsInR5cCI6IkpXVCJ9.eyJ0b2tlbl90eXBlIjoiYWNjZXNzIiwiZXhwIjoxNzU3NTQ4MzEwLCJpYXQiOjE3NTc1NDQ3MTAsImp0aSI6IjdkMGVhZWMwM2VjZTQ0YzhiY2ZhNDlkOTMxZWE0NjkyIiwidXNlcl9p...</msg>
<var>&amp;{hdr}</var>
<arg>Authorization=Bearer ${access}</arg>
<doc>Creates and returns a dictionary based on the given ``items``.</doc>
<status status="PASS" start="2025-09-11T00:51:50.479328" elapsed="0.000158"/>
</kw>
<return>
<value>${hdr}</value>
<status status="PASS" start="2025-09-11T00:51:50.479514" elapsed="0.000018"/>
</return>
<msg time="2025-09-11T00:51:50.479602" level="INFO">${HDR} = {'Authorization': 'Bearer eyJhbGciOiJIUzI1NiIsInR5cCI6IkpXVCJ9.eyJ0b2tlbl90eXBlIjoiYWNjZXNzIiwiZXhwIjoxNzU3NTQ4MzEwLCJpYXQiOjE3NTc1NDQ3MTAsImp0aSI6IjdkMGVhZWMwM2VjZTQ0YzhiY2ZhNDlkOTMxZWE0NjkyIiwidXNlc...</msg>
<var>${HDR}</var>
<arg>${access}</arg>
<doc>Construit le header Authorization=Bearer &lt;token&gt;.</doc>
<status status="PASS" start="2025-09-11T00:51:50.479199" elapsed="0.000418"/>
</kw>
<kw name="DELETE On Session" owner="RequestsLibrary">
<msg time="2025-09-11T00:51:50.483308" level="INFO">DELETE Request : url=http://localhost:8000/api/todos/138/ 
 path_url=/api/todos/138/ 
 headers={'User-Agent': 'python-requests/2.32.4', 'Accept-Encoding': 'gzip, deflate', 'Accept': '*/*', 'Connection': 'keep-alive', 'Authorization': 'Bearer eyJhbGciOiJIUzI1NiIsInR5cCI6IkpXVCJ9.eyJ0b2tlbl90eXBlIjoiYWNjZXNzIiwiZXhwIjoxNzU3NTQ4MzEwLCJpYXQiOjE3NTc1NDQ3MTAsImp0aSI6IjdkMGVhZWMwM2VjZTQ0YzhiY2ZhNDlkOTMxZWE0NjkyIiwidXNlcl9pZCI6IjEifQ.fwhXzBpgvULXtha8RLJL9W1Etz3WJFyo-bkaZ9uzorU', 'Content-Length': '0'} 
 body=None 
 </msg>
<msg time="2025-09-11T00:51:50.483351" level="INFO">DELETE Response : url=http://localhost:8000/api/todos/138/ 
 status=204, reason=No Content 
 headers={'Date': 'Wed, 10 Sep 2025 22:51:50 GMT', 'Server': 'WSGIServer/0.2 CPython/3.13.6', 'Vary': 'Accept, origin', 'Allow': 'GET, PUT, PATCH, DELETE, HEAD, OPTIONS', 'X-Frame-Options': 'DENY', 'Content-Length': '0', 'X-Content-Type-Options': 'nosniff', 'Referrer-Policy': 'same-origin', 'Cross-Origin-Opener-Policy': 'same-origin'} 
 body=None 
 </msg>
<msg time="2025-09-11T00:51:50.483415" level="INFO">${resp} = &lt;Response [204]&gt;</msg>
<var>${resp}</var>
<arg>api</arg>
<arg>${TODOS_PATH}${id}/</arg>
<arg>headers=${HDR}</arg>
<doc>Sends a DELETE request on a previously created HTTP Session.</doc>
<status status="PASS" start="2025-09-11T00:51:50.479671" elapsed="0.003758"/>
</kw>
<kw name="Should Be Equal As Integers" owner="BuiltIn">
<msg time="2025-09-11T00:51:50.483787" level="INFO">Argument types are:
&lt;class 'int'&gt;
&lt;class 'str'&gt;</msg>
<arg>${resp.status_code}</arg>
<arg>204</arg>
<doc>Fails if objects are unequal after converting them to integers.</doc>
<status status="PASS" start="2025-09-11T00:51:50.483503" elapsed="0.000317"/>
</kw>
<arg>${ACCESS}</arg>
<arg>${todo_id}</arg>
<doc>Supprime une todo (204 attendu). Un GET ensuite renverra 404.</doc>
<status status="PASS" start="2025-09-11T00:51:50.479021" elapsed="0.004834"/>
</kw>
<kw name="Auth Header">
<kw name="Create Dictionary" owner="BuiltIn">
<msg time="2025-09-11T00:51:50.484304" level="INFO">&amp;{hdr} = { Authorization=Bearer eyJhbGciOiJIUzI1NiIsInR5cCI6IkpXVCJ9.eyJ0b2tlbl90eXBlIjoiYWNjZXNzIiwiZXhwIjoxNzU3NTQ4MzEwLCJpYXQiOjE3NTc1NDQ3MTAsImp0aSI6IjdkMGVhZWMwM2VjZTQ0YzhiY2ZhNDlkOTMxZWE0NjkyIiwidXNlcl9p...</msg>
<var>&amp;{hdr}</var>
<arg>Authorization=Bearer ${access}</arg>
<doc>Creates and returns a dictionary based on the given ``items``.</doc>
<status status="PASS" start="2025-09-11T00:51:50.484173" elapsed="0.000147"/>
</kw>
<return>
<value>${hdr}</value>
<status status="PASS" start="2025-09-11T00:51:50.484348" elapsed="0.000019"/>
</return>
<msg time="2025-09-11T00:51:50.484429" level="INFO">${HDR} = {'Authorization': 'Bearer eyJhbGciOiJIUzI1NiIsInR5cCI6IkpXVCJ9.eyJ0b2tlbl90eXBlIjoiYWNjZXNzIiwiZXhwIjoxNzU3NTQ4MzEwLCJpYXQiOjE3NTc1NDQ3MTAsImp0aSI6IjdkMGVhZWMwM2VjZTQ0YzhiY2ZhNDlkOTMxZWE0NjkyIiwidXNlc...</msg>
<var>${HDR}</var>
<arg>${ACCESS}</arg>
<doc>Construit le header Authorization=Bearer &lt;token&gt;.</doc>
<status status="PASS" start="2025-09-11T00:51:50.484024" elapsed="0.000418"/>
</kw>
<kw name="GET On Session" owner="RequestsLibrary">
<msg time="2025-09-11T00:51:50.487270" level="INFO">GET Request : url=http://localhost:8000/api/todos/138/ 
 path_url=/api/todos/138/ 
 headers={'User-Agent': 'python-requests/2.32.4', 'Accept-Encoding': 'gzip, deflate', 'Accept': '*/*', 'Connection': 'keep-alive', 'Authorization': 'Bearer eyJhbGciOiJIUzI1NiIsInR5cCI6IkpXVCJ9.eyJ0b2tlbl90eXBlIjoiYWNjZXNzIiwiZXhwIjoxNzU3NTQ4MzEwLCJpYXQiOjE3NTc1NDQ3MTAsImp0aSI6IjdkMGVhZWMwM2VjZTQ0YzhiY2ZhNDlkOTMxZWE0NjkyIiwidXNlcl9pZCI6IjEifQ.fwhXzBpgvULXtha8RLJL9W1Etz3WJFyo-bkaZ9uzorU'} 
 body=None 
 </msg>
<msg time="2025-09-11T00:51:50.487310" level="INFO">GET Response : url=http://localhost:8000/api/todos/138/ 
 status=404, reason=Not Found 
 headers={'Date': 'Wed, 10 Sep 2025 22:51:50 GMT', 'Server': 'WSGIServer/0.2 CPython/3.13.6', 'Content-Type': 'application/json', 'Vary': 'Accept, origin', 'Allow': 'GET, PUT, PATCH, DELETE, HEAD, OPTIONS', 'X-Frame-Options': 'DENY', 'Content-Length': '45', 'X-Content-Type-Options': 'nosniff', 'Referrer-Policy': 'same-origin', 'Cross-Origin-Opener-Policy': 'same-origin'} 
 body={"detail":"No Todo matches the given query."} 
 </msg>
<msg time="2025-09-11T00:51:50.487369" level="INFO">${resp404} = &lt;Response [404]&gt;</msg>
<var>${resp404}</var>
<arg>api</arg>
<arg>${TODOS_PATH}${todo_id}/</arg>
<arg>headers=${HDR}</arg>
<arg>expected_status=any</arg>
<doc>Sends a GET request on a previously created HTTP Session.</doc>
<status status="PASS" start="2025-09-11T00:51:50.484512" elapsed="0.002872"/>
</kw>
<kw name="Should Be Equal As Integers" owner="BuiltIn">
<msg time="2025-09-11T00:51:50.487754" level="INFO">Argument types are:
&lt;class 'int'&gt;
&lt;class 'str'&gt;</msg>
<arg>${resp404.status_code}</arg>
<arg>404</arg>
<doc>Fails if objects are unequal after converting them to integers.</doc>
<status status="PASS" start="2025-09-11T00:51:50.487472" elapsed="0.000314"/>
</kw>
<doc>Crée → lit → liste → met à jour → supprime une todo, puis vérifie le 404 post-suppression.</doc>
<status status="PASS" start="2025-09-11T00:51:50.295920" elapsed="0.191964"/>
</test>
<test id="s1-t5" name="Users Flow" line="258">
<kw name="Register Random User">
<kw name="Generate Random String" owner="String">
<msg time="2025-09-11T00:51:50.488846" level="INFO">${suffix} = cegrqp</msg>
<var>${suffix}</var>
<arg>6</arg>
<arg>[LOWER]</arg>
<doc>Generates a string with a desired ``length`` from the given ``chars``.</doc>
<status status="PASS" start="2025-09-11T00:51:50.488638" elapsed="0.000229"/>
</kw>
<kw name="Set Variable" owner="BuiltIn">
<msg time="2025-09-11T00:51:50.489040" level="INFO">${uname} = robot_cegrqp</msg>
<var>${uname}</var>
<arg>robot_${suffix}</arg>
<doc>Returns the given values which can then be assigned to a variables.</doc>
<status status="PASS" start="2025-09-11T00:51:50.488942" elapsed="0.000113"/>
</kw>
<kw name="Create Dictionary" owner="BuiltIn">
<msg time="2025-09-11T00:51:50.489379" level="INFO">&amp;{payload} = { username=robot_cegrqp | password=Passw0rd! | email=robot_cegrqp@example.com | first_name=Robot | last_name=Tester }</msg>
<var>&amp;{payload}</var>
<arg>username=${uname}</arg>
<arg>password=Passw0rd!</arg>
<arg>email=${uname}@example.com</arg>
<arg>first_name=Robot</arg>
<arg>last_name=Tester</arg>
<doc>Creates and returns a dictionary based on the given ``items``.</doc>
<status status="PASS" start="2025-09-11T00:51:50.489120" elapsed="0.000277"/>
</kw>
<kw name="Create Dictionary" owner="BuiltIn">
<msg time="2025-09-11T00:51:50.489565" level="INFO">&amp;{hdr} = { Content-Type=application/json }</msg>
<var>&amp;{hdr}</var>
<arg>Content-Type=application/json</arg>
<doc>Creates and returns a dictionary based on the given ``items``.</doc>
<status status="PASS" start="2025-09-11T00:51:50.489467" elapsed="0.000113"/>
</kw>
<kw name="POST On Session" owner="RequestsLibrary">
<msg time="2025-09-11T00:51:50.599092" level="INFO">POST Request : url=http://localhost:8000/api/register/ 
 path_url=/api/register/ 
 headers={'User-Agent': 'python-requests/2.32.4', 'Accept-Encoding': 'gzip, deflate', 'Accept': '*/*', 'Connection': 'keep-alive', 'Content-Type': 'application/json', 'Content-Length': '136'} 
 body=b'{"username": "robot_cegrqp", "password": "Passw0rd!", "email": "robot_cegrqp@example.com", "first_name": "Robot", "last_name": "Tester"}' 
 </msg>
<msg time="2025-09-11T00:51:50.599153" level="INFO">POST Response : url=http://localhost:8000/api/register/ 
 status=201, reason=Created 
 headers={'Date': 'Wed, 10 Sep 2025 22:51:50 GMT', 'Server': 'WSGIServer/0.2 CPython/3.13.6', 'Content-Type': 'application/json', 'Vary': 'Accept, origin', 'Allow': 'POST, OPTIONS', 'X-Frame-Options': 'DENY', 'Content-Length': '491', 'X-Content-Type-Options': 'nosniff', 'Referrer-Policy': 'same-origin', 'Cross-Origin-Opener-Policy': 'same-origin'} 
 body={"access":"eyJhbGciOiJIUzI1NiIsInR5cCI6IkpXVCJ9.eyJ0b2tlbl90eXBlIjoiYWNjZXNzIiwiZXhwIjoxNzU3NTQ4MzEwLCJpYXQiOjE3NTc1NDQ3MTAsImp0aSI6ImZmMTIxYmY4MGIyNjQzYWVhZTVmNDNmM2Y1ODUyYmFhIiwidXNlcl9pZCI6Ijc5In0.eZqpEaxtf2YgPC0_kzvXGPOV4aLNzuv-mmoK4ycG2q4","refresh":"eyJhbGciOiJIUzI1NiIsInR5cCI6IkpXVCJ9.eyJ0b2tlbl90eXBlIjoicmVmcmVzaCIsImV4cCI6MTc1NzYzMTExMCwiaWF0IjoxNzU3NTQ0NzEwLCJqdGkiOiI4ZTQwMzAxYWJmNjM0NWU0YjY5YmUwMTViMzJmZjgxYSIsInVzZXJfaWQiOiI3OSJ9.5EATpAOynfCcNnoNaPci6Q0Va2sPBnA_u7QAuZXZsqQ"} 
 </msg>
<msg time="2025-09-11T00:51:50.599246" level="INFO">${resp} = &lt;Response [201]&gt;</msg>
<var>${resp}</var>
<arg>api</arg>
<arg>${REGISTER_PATH}</arg>
<arg>json=${payload}</arg>
<arg>headers=${hdr}</arg>
<arg>expected_status=201</arg>
<doc>Sends a POST request on a previously created HTTP Session.</doc>
<status status="PASS" start="2025-09-11T00:51:50.489635" elapsed="0.109628"/>
</kw>
<kw name="Should Be Equal As Integers" owner="BuiltIn">
<msg time="2025-09-11T00:51:50.599701" level="INFO">Argument types are:
&lt;class 'int'&gt;
&lt;class 'str'&gt;</msg>
<arg>${resp.status_code}</arg>
<arg>201</arg>
<doc>Fails if objects are unequal after converting them to integers.</doc>
<status status="PASS" start="2025-09-11T00:51:50.599369" elapsed="0.000367"/>
</kw>
<return>
<value>${uname}</value>
<status status="PASS" start="2025-09-11T00:51:50.599770" elapsed="0.000026"/>
</return>
<msg time="2025-09-11T00:51:50.599876" level="INFO">${new_user} = robot_cegrqp</msg>
<var>${new_user}</var>
<doc>Crée un utilisateur public via /api/register/ (201). Le serializer exige first_name/last_name/email/password/username.</doc>
<status status="PASS" start="2025-09-11T00:51:50.488390" elapsed="0.111501"/>
</kw>
<kw name="Login And Get Tokens">
<kw name="Create Dictionary" owner="BuiltIn">
<msg time="2025-09-11T00:51:50.601003" level="INFO">&amp;{payload} = { username=etienne | password=etienne }</msg>
<var>&amp;{payload}</var>
<arg>username=${USERNAME}</arg>
<arg>password=${PASSWORD}</arg>
<doc>Creates and returns a dictionary based on the given ``items``.</doc>
<status status="PASS" start="2025-09-11T00:51:50.600846" elapsed="0.000172"/>
</kw>
<kw name="Create Dictionary" owner="BuiltIn">
<msg time="2025-09-11T00:51:50.601233" level="INFO">&amp;{hdr} = { Content-Type=application/json }</msg>
<var>&amp;{hdr}</var>
<arg>Content-Type=application/json</arg>
<doc>Creates and returns a dictionary based on the given ``items``.</doc>
<status status="PASS" start="2025-09-11T00:51:50.601140" elapsed="0.000107"/>
</kw>
<kw name="POST On Session" owner="RequestsLibrary">
<msg time="2025-09-11T00:51:50.708108" level="INFO">POST Request : url=http://localhost:8000/api/token/ 
 path_url=/api/token/ 
 headers={'User-Agent': 'python-requests/2.32.4', 'Accept-Encoding': 'gzip, deflate', 'Accept': '*/*', 'Connection': 'keep-alive', 'Content-Type': 'application/json', 'Content-Length': '46'} 
 body=b'{"username": "etienne", "password": "etienne"}' 
 </msg>
<msg time="2025-09-11T00:51:50.708174" level="INFO">POST Response : url=http://localhost:8000/api/token/ 
 status=200, reason=OK 
 headers={'Date': 'Wed, 10 Sep 2025 22:51:50 GMT', 'Server': 'WSGIServer/0.2 CPython/3.13.6', 'Content-Type': 'application/json', 'Vary': 'Accept, origin', 'Allow': 'POST, OPTIONS', 'X-Frame-Options': 'DENY', 'Content-Length': '489', 'X-Content-Type-Options': 'nosniff', 'Referrer-Policy': 'same-origin', 'Cross-Origin-Opener-Policy': 'same-origin'} 
 body={"refresh":"eyJhbGciOiJIUzI1NiIsInR5cCI6IkpXVCJ9.eyJ0b2tlbl90eXBlIjoicmVmcmVzaCIsImV4cCI6MTc1NzYzMTExMCwiaWF0IjoxNzU3NTQ0NzEwLCJqdGkiOiI1NTc2OGRhNWYwOWM0ZjEyODFmYTg4MDY1MmU5ZDkyOSIsInVzZXJfaWQiOiIxIn0.FI3TVc70pKdDXhs6Gk_rkBvm9HTVrdAaRDLG6px351g","access":"eyJhbGciOiJIUzI1NiIsInR5cCI6IkpXVCJ9.eyJ0b2tlbl90eXBlIjoiYWNjZXNzIiwiZXhwIjoxNzU3NTQ4MzEwLCJpYXQiOjE3NTc1NDQ3MTAsImp0aSI6Ijc0ZWUwMDcyNWE3YTQyZGU4OGFkMzRlZWZjMGRkOWIxIiwidXNlcl9pZCI6IjEifQ.UtJPzJFZ0Jj6p-baa21tamuFz5cZtv2tRK8dgDyFuR4"} 
 </msg>
<msg time="2025-09-11T00:51:50.708266" level="INFO">${resp} = &lt;Response [200]&gt;</msg>
<var>${resp}</var>
<arg>api</arg>
<arg>${AUTH_PATH}</arg>
<arg>json=${payload}</arg>
<arg>headers=${hdr}</arg>
<doc>Sends a POST request on a previously created HTTP Session.</doc>
<status status="PASS" start="2025-09-11T00:51:50.601299" elapsed="0.106986"/>
</kw>
<kw name="Should Be Equal As Integers" owner="BuiltIn">
<msg time="2025-09-11T00:51:50.708743" level="INFO">Argument types are:
&lt;class 'int'&gt;
&lt;class 'str'&gt;</msg>
<arg>${resp.status_code}</arg>
<arg>200</arg>
<doc>Fails if objects are unequal after converting them to integers.</doc>
<status status="PASS" start="2025-09-11T00:51:50.708396" elapsed="0.000383"/>
</kw>
<kw name="Set Variable" owner="BuiltIn">
<msg time="2025-09-11T00:51:50.709136" level="INFO">${data} = {'refresh': 'eyJhbGciOiJIUzI1NiIsInR5cCI6IkpXVCJ9.eyJ0b2tlbl90eXBlIjoicmVmcmVzaCIsImV4cCI6MTc1NzYzMTExMCwiaWF0IjoxNzU3NTQ0NzEwLCJqdGkiOiI1NTc2OGRhNWYwOWM0ZjEyODFmYTg4MDY1MmU5ZDkyOSIsInVzZXJfaWQiOiIxIn...</msg>
<var>${data}</var>
<arg>${resp.json()}</arg>
<doc>Returns the given values which can then be assigned to a variables.</doc>
<status status="PASS" start="2025-09-11T00:51:50.708846" elapsed="0.000306"/>
</kw>
<kw name="Dictionary Should Contain Key" owner="Collections">
<arg>${data}</arg>
<arg>access</arg>
<doc>Fails if ``key`` is not found from ``dictionary``.</doc>
<status status="PASS" start="2025-09-11T00:51:50.709209" elapsed="0.000081"/>
</kw>
<kw name="Dictionary Should Contain Key" owner="Collections">
<arg>${data}</arg>
<arg>refresh</arg>
<doc>Fails if ``key`` is not found from ``dictionary``.</doc>
<status status="PASS" start="2025-09-11T00:51:50.709343" elapsed="0.000064"/>
</kw>
<return>
<value>${data['access']}</value>
<value>${data['refresh']}</value>
<status status="PASS" start="2025-09-11T00:51:50.709437" elapsed="0.000027"/>
</return>
<msg time="2025-09-11T00:51:50.709904" level="INFO">${ACCESS} = eyJhbGciOiJIUzI1NiIsInR5cCI6IkpXVCJ9.eyJ0b2tlbl90eXBlIjoiYWNjZXNzIiwiZXhwIjoxNzU3NTQ4MzEwLCJpYXQiOjE3NTc1NDQ3MTAsImp0aSI6Ijc0ZWUwMDcyNWE3YTQyZGU4OGFkMzRlZWZjMGRkOWIxIiwidXNlcl9pZCI6IjEifQ.UtJPzJFZ0Jj6...</msg>
<msg time="2025-09-11T00:51:50.709931" level="INFO">${REFRESH} = eyJhbGciOiJIUzI1NiIsInR5cCI6IkpXVCJ9.eyJ0b2tlbl90eXBlIjoicmVmcmVzaCIsImV4cCI6MTc1NzYzMTExMCwiaWF0IjoxNzU3NTQ0NzEwLCJqdGkiOiI1NTc2OGRhNWYwOWM0ZjEyODFmYTg4MDY1MmU5ZDkyOSIsInVzZXJfaWQiOiIxIn0.FI3TVc70pKd...</msg>
<var>${ACCESS}</var>
<var>${REFRESH}</var>
<doc>POST /api/token/ avec etienne/etienne. Retourne ${ACCESS} et ${REFRESH}.</doc>
<status status="PASS" start="2025-09-11T00:51:50.600707" elapsed="0.109237"/>
</kw>
<kw name="List Users (Requires Auth)">
<kw name="Auth Header">
<kw name="Create Dictionary" owner="BuiltIn">
<msg time="2025-09-11T00:51:50.710522" level="INFO">&amp;{hdr} = { Authorization=Bearer eyJhbGciOiJIUzI1NiIsInR5cCI6IkpXVCJ9.eyJ0b2tlbl90eXBlIjoiYWNjZXNzIiwiZXhwIjoxNzU3NTQ4MzEwLCJpYXQiOjE3NTc1NDQ3MTAsImp0aSI6Ijc0ZWUwMDcyNWE3YTQyZGU4OGFkMzRlZWZjMGRkOWIxIiwidXNlcl9p...</msg>
<var>&amp;{hdr}</var>
<arg>Authorization=Bearer ${access}</arg>
<doc>Creates and returns a dictionary based on the given ``items``.</doc>
<status status="PASS" start="2025-09-11T00:51:50.710384" elapsed="0.000154"/>
</kw>
<return>
<value>${hdr}</value>
<status status="PASS" start="2025-09-11T00:51:50.710565" elapsed="0.000017"/>
</return>
<msg time="2025-09-11T00:51:50.710643" level="INFO">${HDR} = {'Authorization': 'Bearer eyJhbGciOiJIUzI1NiIsInR5cCI6IkpXVCJ9.eyJ0b2tlbl90eXBlIjoiYWNjZXNzIiwiZXhwIjoxNzU3NTQ4MzEwLCJpYXQiOjE3NTc1NDQ3MTAsImp0aSI6Ijc0ZWUwMDcyNWE3YTQyZGU4OGFkMzRlZWZjMGRkOWIxIiwidXNlc...</msg>
<var>${HDR}</var>
<arg>${access}</arg>
<doc>Construit le header Authorization=Bearer &lt;token&gt;.</doc>
<status status="PASS" start="2025-09-11T00:51:50.710252" elapsed="0.000403"/>
</kw>
<kw name="GET On Session" owner="RequestsLibrary">
<msg time="2025-09-11T00:51:50.727491" level="INFO">GET Request : url=http://localhost:8000/api/users/ 
 path_url=/api/users/ 
 headers={'User-Agent': 'python-requests/2.32.4', 'Accept-Encoding': 'gzip, deflate', 'Accept': '*/*', 'Connection': 'keep-alive', 'Authorization': 'Bearer eyJhbGciOiJIUzI1NiIsInR5cCI6IkpXVCJ9.eyJ0b2tlbl90eXBlIjoiYWNjZXNzIiwiZXhwIjoxNzU3NTQ4MzEwLCJpYXQiOjE3NTc1NDQ3MTAsImp0aSI6Ijc0ZWUwMDcyNWE3YTQyZGU4OGFkMzRlZWZjMGRkOWIxIiwidXNlcl9pZCI6IjEifQ.UtJPzJFZ0Jj6p-baa21tamuFz5cZtv2tRK8dgDyFuR4'} 
 body=None 
 </msg>
<msg time="2025-09-11T00:51:50.727567" level="INFO">GET Response : url=http://localhost:8000/api/users/ 
 status=200, reason=OK 
 headers={'Date': 'Wed, 10 Sep 2025 22:51:50 GMT', 'Server': 'WSGIServer/0.2 CPython/3.13.6', 'Content-Type': 'application/json', 'Vary': 'Accept, origin', 'Allow': 'GET, POST, HEAD, OPTIONS', 'X-Frame-Options': 'DENY', 'Content-Length': '9651', 'X-Content-Type-Options': 'nosniff', 'Referrer-Policy': 'same-origin', 'Cross-Origin-Opener-Policy': 'same-origin'} 
 body=[{"id":1,"username":"etienne","email":"etiennesenef11@gmail.com","first_name":"","last_name":"","is_staff":true,"is_active":true,"groups":[]},{"id":9,"username":"sene","email":"tienne@gmail.com","first_name":"sene","last_name":"Sene","is_staff":false,"is_active":true,"groups":[]},{"id":10,"username":"etiennenne","email":"etiennesenef11@gmailé1.com","first_name":"","last_name":"","is_staff":true,"is_active":true,"groups":[]},{"id":11,"username":"robot_emhbwi","email":"robot_emhbwi@example.com","first_name":"Robot","last_name":"Tester","is_staff":false,"is_active":true,"groups":[]},{"id":12,"username":"robot_gspivz","email":"robot_gspivz@example.com","first_name":"Robot","last_name":"Tester","is_staff":false,"is_active":true,"groups":[]},{"id":13,"username":"robot_yygkwc","email":"robot_yygkwc@example.com","first_name":"Robot","last_name":"Tester","is_staff":false,"is_active":true,"groups":[]},{"id":14,"username":"robot_ctkkus","email":"robot_ctkkus@example.com","first_name":"Robot","last_name":"Tester","is_staff":false,"is_active":true,"groups":[]},{"id":15,"username":"robot_bwlsna","email":"robot_bwlsna@example.com","first_name":"Robot","last_name":"Tester","is_staff":false,"is_active":true,"groups":[]},{"id":16,"username":"robot_vzeysf","email":"robot_vzeysf@example.com","first_name":"Robot","last_name":"Tester","is_staff":false,"is_active":true,"groups":[]},{"id":17,"username":"robot_mtdzpb","email":"robot_mtdzpb@example.com","first_name":"Robot","last_name":"Tester","is_staff":false,"is_active":true,"groups":[]},{"id":18,"username":"robot_prercu","email":"robot_prercu@example.com","first_name":"Robot","last_name":"Tester","is_staff":false,"is_active":true,"groups":[]},{"id":19,"username":"robot_thkrua","email":"robot_thkrua@example.com","first_name":"Robot","last_name":"Tester","is_staff":false,"is_active":true,"groups":[]},{"id":20,"username":"robot_skivgz","email":"robot_skivgz@example.com","first_name":"Robot","last_name":"Tester","is_staff":false,"is_active":true,"groups":[]},{"id":21,"username":"robot_gkbcvm","email":"robot_gkbcvm@example.com","first_name":"Robot","last_name":"Tester","is_staff":false,"is_active":true,"groups":[]},{"id":22,"username":"robot_ldjoru","email":"robot_ldjoru@example.com","first_name":"Robot","last_name":"Tester","is_staff":false,"is_active":true,"groups":[]},{"id":23,"username":"robot_txspur","email":"robot_txspur@example.com","first_name":"Robot","last_name":"Tester","is_staff":false,"is_active":true,"groups":[]},{"id":24,"username":"robot_fnwamy","email":"robot_fnwamy@example.com","first_name":"Robot","last_name":"Tester","is_staff":false,"is_active":true,"groups":[]},{"id":25,"username":"robot_ychsqf","email":"robot_ychsqf@example.com","first_name":"Robot","last_name":"Tester","is_staff":false,"is_active":true,"groups":[]},{"id":26,"username":"robot_xbpwrs","email":"robot_xbpwrs@example.com","first_name":"Robot","last_name":"Tester","is_staff":false,"is_active":true,"groups":[]},{"id":27,"username":"robot_pnmnug","email":"robot_pnmnug@example.com","first_name":"Robot","last_name":"Tester","is_staff":false,"is_active":true,"groups":[]},{"id":28,"username":"robot_ybznzi","email":"robot_ybznzi@example.com","first_name":"Robot","last_name":"Tester","is_staff":false,"is_active":true,"groups":[]},{"id":29,"username":"robot_zgwdld","email":"robot_zgwdld@example.com","first_name":"Robot","last_name":"Tester","is_staff":false,"is_active":true,"groups":[]},{"id":30,"username":"robot_hojsao","email":"robot_hojsao@example.com","first_name":"Robot","last_name":"Tester","is_staff":false,"is_active":true,"groups":[]},{"id":31,"username":"robot_irisdd","email":"robot_irisdd@example.com","first_name":"Robot","last_name":"Tester","is_staff":false,"is_active":true,"groups":[]},{"id":32,"username":"robot_scoaaj","email":"robot_scoaaj@example.com","first_name":"Robot","last_name":"Tester","is_staff":false,"is_active":true,"groups":[]},{"id":33,"username":"robot_axobrc","email":"robot_axobrc@example.com","first_name":"Robot","last_name":"Tester","is_staff":false,"is_active":true,"groups":[]},{"id":34,"username":"robot_tjdhoa","email":"robot_tjdhoa@example.com","first_name":"Robot","last_name":"Tester","is_staff":false,"is_active":true,"groups":[]},{"id":35,"username":"robot_rrivqf","email":"robot_rrivqf@example.com","first_name":"Robot","last_name":"Tester","is_staff":false,"is_active":true,"groups":[]},{"id":36,"username":"robot_pwalmy","email":"robot_pwalmy@example.com","first_name":"Robot","last_name":"Tester","is_staff":false,"is_active":true,"groups":[]},{"id":37,"username":"robot_eajfrk","email":"robot_eajfrk@example.com","first_name":"Robot","last_name":"Tester","is_staff":false,"is_active":true,"groups":[]},{"id":38,"username":"robot_mcwsps","email":"robot_mcwsps@example.com","first_name":"Robot","last_name":"Tester","is_staff":false,"is_active":true,"groups":[]},{"id":39,"username":"robot_ckqihn","email":"robot_ckqihn@example.com","first_name":"Robot","last_name":"Tester","is_staff":false,"is_active":true,"groups":[]},{"id":40,"username":"robot_abjhro","email":"robot_abjhro@example.com","first_name":"Robot","last_name":"Tester","is_staff":false,"is_active":true,"groups":[]},{"id":41,"username":"robot_rzaokm","email":"robot_rzaokm@example.com","first_name":"Robot","last_name":"Tester","is_staff":false,"is_active":true,"groups":[]},{"id":42,"usernam
[...]
<status status="PASS" start="2025-09-11T00:51:51.011140" elapsed="0.000426"/>
</kw>
<kw name="Create Dictionary" owner="BuiltIn">
<msg time="2025-09-11T00:51:51.011740" level="INFO">&amp;{payload} = { is_staff=True }</msg>
<var>&amp;{payload}</var>
<arg>is_staff=${is_staff}</arg>
<doc>Creates and returns a dictionary based on the given ``items``.</doc>
<status status="PASS" start="2025-09-11T00:51:51.011623" elapsed="0.000132"/>
</kw>
<kw name="PATCH On Session" owner="RequestsLibrary">
<msg time="2025-09-11T00:51:51.017503" level="INFO">PATCH Request : url=http://localhost:8000/api/users/80/ 
 path_url=/api/users/80/ 
 headers={'User-Agent': 'python-requests/2.32.4', 'Accept-Encoding': 'gzip, deflate', 'Accept': '*/*', 'Connection': 'keep-alive', 'Authorization': 'Bearer eyJhbGciOiJIUzI1NiIsInR5cCI6IkpXVCJ9.eyJ0b2tlbl90eXBlIjoiYWNjZXNzIiwiZXhwIjoxNzU3NTQ4MzEwLCJpYXQiOjE3NTc1NDQ3MTAsImp0aSI6IjUzYjcwYTYwNDJhMTRjNzBhYjVlYWMzYWRmODI1YTNmIiwidXNlcl9pZCI6IjEifQ.yNp2n7CYqCA_j3GqrqxdEiUInvcHmjrZYvUrfQLnJ_U', 'Content-Length': '20', 'Content-Type': 'application/json'} 
 body=b'{"is_staff": "True"}' 
 </msg>
<msg time="2025-09-11T00:51:51.017543" level="INFO">PATCH Response : url=http://localhost:8000/api/users/80/ 
 status=200, reason=OK 
 headers={'Date': 'Wed, 10 Sep 2025 22:51:51 GMT', 'Server': 'WSGIServer/0.2 CPython/3.13.6', 'Content-Type': 'application/json', 'Vary': 'Accept, origin', 'Allow': 'GET, PUT, PATCH, DELETE, HEAD, OPTIONS', 'X-Frame-Options': 'DENY', 'Content-Length': '157', 'X-Content-Type-Options': 'nosniff', 'Referrer-Policy': 'same-origin', 'Cross-Origin-Opener-Policy': 'same-origin'} 
 body={"id":80,"username":"robot_mxmtgj","email":"robot_mxmtgj@example.com","first_name":"Robot","last_name":"Tester","is_staff":true,"is_active":true,"groups":[]} 
 </msg>
<msg time="2025-09-11T00:51:51.017600" level="INFO">${resp} = &lt;Response [200]&gt;</msg>
<var>${resp}</var>
<arg>api</arg>
<arg>${USERS_PATH}${id}/</arg>
<arg>json=${payload}</arg>
<arg>headers=${HDR}</arg>
<arg>expected_status=any</arg>
<doc>Sends a PATCH request on a previously created HTTP Session.</doc>
<status status="PASS" start="2025-09-11T00:51:51.011809" elapsed="0.005806"/>
</kw>
<return>
<value>${resp}</value>
<status status="PASS" start="2025-09-11T00:51:51.017651" elapsed="0.000018"/>
</return>
<msg time="2025-09-11T00:51:51.017738" level="INFO">${resp_staff} = &lt;Response [200]&gt;</msg>
<var>${resp_staff}</var>
<arg>${ACCESS}</arg>
<arg>${uid}</arg>
<arg>True</arg>
<doc>PATCH /api/users/{id}/ is_staff=True/False (admin requis).</doc>
<status status="PASS" start="2025-09-11T00:51:51.010927" elapsed="0.006823"/>
</kw>
<kw name="Should Be Equal As Integers" owner="BuiltIn">
<msg time="2025-09-11T00:51:51.018128" level="INFO">Argument types are:
&lt;class 'int'&gt;
&lt;class 'str'&gt;</msg>
<arg>${resp_staff.status_code}</arg>
<arg>200</arg>
<doc>Fails if objects are unequal after converting them to integers.</doc>
<status status="PASS" start="2025-09-11T00:51:51.017836" elapsed="0.000324"/>
</kw>
<kw name="Set Variable" owner="BuiltIn">
<msg time="2025-09-11T00:51:51.018556" level="INFO">${body} = {'id': 80, 'username': 'robot_mxmtgj', 'email': 'robot_mxmtgj@example.com', 'first_name': 'Robot', 'last_name': 'Tester', 'is_staff': True, 'is_active': True, 'groups': []}</msg>
<var>${body}</var>
<arg>${resp_staff.json()}</arg>
<doc>Returns the given values which can then be assigned to a variables.</doc>
<status status="PASS" start="2025-09-11T00:51:51.018255" elapsed="0.000393"/>
</kw>
<kw name="Dictionary Should Contain Key" owner="Collections">
<arg>${body}</arg>
<arg>is_staff</arg>
<doc>Fails if ``key`` is not found from ``dictionary``.</doc>
<status status="PASS" start="2025-09-11T00:51:51.018722" elapsed="0.000075"/>
</kw>
<kw name="Should Be Equal As Strings" owner="BuiltIn">
<msg time="2025-09-11T00:51:51.019119" level="INFO">Argument types are:
&lt;class 'bool'&gt;
&lt;class 'str'&gt;</msg>
<arg>${body['is_staff']}</arg>
<arg>True</arg>
<doc>Fails if objects are unequal after converting them to strings.</doc>
<status status="PASS" start="2025-09-11T00:51:51.018867" elapsed="0.000280"/>
</kw>
<kw name="Update User Email">
<kw name="Auth Header">
<kw name="Create Dictionary" owner="BuiltIn">
<msg time="2025-09-11T00:51:51.019711" level="INFO">&amp;{hdr} = { Authorization=Bearer eyJhbGciOiJIUzI1NiIsInR5cCI6IkpXVCJ9.eyJ0b2tlbl90eXBlIjoiYWNjZXNzIiwiZXhwIjoxNzU3NTQ4MzEwLCJpYXQiOjE3NTc1NDQ3MTAsImp0aSI6IjUzYjcwYTYwNDJhMTRjNzBhYjVlYWMzYWRmODI1YTNmIiwidXNlcl9p...</msg>
<var>&amp;{hdr}</var>
<arg>Authorization=Bearer ${access}</arg>
<doc>Creates and returns a dictionary based on the given ``items``.</doc>
<status status="PASS" start="2025-09-11T00:51:51.019572" elapsed="0.000155"/>
</kw>
<return>
<value>${hdr}</value>
<status status="PASS" start="2025-09-11T00:51:51.019753" elapsed="0.000021"/>
</return>
<msg time="2025-09-11T00:51:51.019839" level="INFO">${HDR} = {'Authorization': 'Bearer eyJhbGciOiJIUzI1NiIsInR5cCI6IkpXVCJ9.eyJ0b2tlbl90eXBlIjoiYWNjZXNzIiwiZXhwIjoxNzU3NTQ4MzEwLCJpYXQiOjE3NTc1NDQ3MTAsImp0aSI6IjUzYjcwYTYwNDJhMTRjNzBhYjVlYWMzYWRmODI1YTNmIiwidXNlc...</msg>
<var>${HDR}</var>
<arg>${access}</arg>
<doc>Construit le header Authorization=Bearer &lt;token&gt;.</doc>
<status status="PASS" start="2025-09-11T00:51:51.019445" elapsed="0.000407"/>
</kw>
<kw name="Create Dictionary" owner="BuiltIn">
<msg time="2025-09-11T00:51:51.020016" level="INFO">&amp;{payload} = { email=test_changed@example.com }</msg>
<var>&amp;{payload}</var>
<arg>email=${email}</arg>
<doc>Creates and returns a dictionary based on the given ``items``.</doc>
<status status="PASS" start="2025-09-11T00:51:51.019908" elapsed="0.000121"/>
</kw>
<kw name="PATCH On Session" owner="RequestsLibrary">
<msg time="2025-09-11T00:51:51.024978" level="INFO">PATCH Request : url=http://localhost:8000/api/users/80/ 
 path_url=/api/users/80/ 
 headers={'User-Agent': 'python-requests/2.32.4', 'Accept-Encoding': 'gzip, deflate', 'Accept': '*/*', 'Connection': 'keep-alive', 'Authorization': 'Bearer eyJhbGciOiJIUzI1NiIsInR5cCI6IkpXVCJ9.eyJ0b2tlbl90eXBlIjoiYWNjZXNzIiwiZXhwIjoxNzU3NTQ4MzEwLCJpYXQiOjE3NTc1NDQ3MTAsImp0aSI6IjUzYjcwYTYwNDJhMTRjNzBhYjVlYWMzYWRmODI1YTNmIiwidXNlcl9pZCI6IjEifQ.yNp2n7CYqCA_j3GqrqxdEiUInvcHmjrZYvUrfQLnJ_U', 'Content-Length': '37', 'Content-Type': 'application/json'} 
 body=b'{"email": "test_changed@example.com"}' 
 </msg>
<msg time="2025-09-11T00:51:51.025024" level="INFO">PATCH Response : url=http://localhost:8000/api/users/80/ 
 status=200, reason=OK 
 headers={'Date': 'Wed, 10 Sep 2025 22:51:51 GMT', 'Server': 'WSGIServer/0.2 CPython/3.13.6', 'Content-Type': 'application/json', 'Vary': 'Accept, origin', 'Allow': 'GET, PUT, PATCH, DELETE, HEAD, OPTIONS', 'X-Frame-Options': 'DENY', 'Content-Length': '157', 'X-Content-Type-Options': 'nosniff', 'Referrer-Policy': 'same-origin', 'Cross-Origin-Opener-Policy': 'same-origin'} 
 body={"id":80,"username":"robot_mxmtgj","email":"test_changed@example.com","first_name":"Robot","last_name":"Tester","is_staff":true,"is_active":true,"groups":[]} 
 </msg>
<msg time="2025-09-11T00:51:51.025087" level="INFO">${resp} = &lt;Response [200]&gt;</msg>
<var>${resp}</var>
<arg>api</arg>
<arg>${USERS_PATH}${id}/</arg>
<arg>json=${payload}</arg>
<arg>headers=${HDR}</arg>
<arg>expected_status=any</arg>
<doc>Sends a PATCH request on a previously created HTTP Session.</doc>
<status status="PASS" start="2025-09-11T00:51:51.020080" elapsed="0.005023"/>
</kw>
<return>
<value>${resp}</value>
<status status="PASS" start="2025-09-11T00:51:51.025143" elapsed="0.000022"/>
</return>
<msg time="2025-09-11T00:51:51.025236" level="INFO">${resp_upd} = &lt;Response [200]&gt;</msg>
<var>${resp_upd}</var>
<arg>${ACCESS}</arg>
<arg>${uid}</arg>
<arg>test_changed@example.com</arg>
<doc>PATCH /api/users/{id}/ email=... (admin requis).</doc>
<status status="PASS" start="2025-09-11T00:51:51.019262" elapsed="0.005986"/>
</kw>
<kw name="Should Be Equal As Integers" owner="BuiltIn">
<msg time="2025-09-11T00:51:51.025624" level="INFO">Argument types are:
&lt;class 'int'&gt;
&lt;class 'str'&gt;</msg>
<arg>${resp_upd.status_code}</arg>
<arg>200</arg>
<doc>Fails if objects are unequal after converting them to integers.</doc>
<status status="PASS" start="2025-09-11T00:51:51.025337" elapsed="0.000318"/>
</kw>
<kw name="Set User Active">
<kw name="Auth Header">
<kw name="Create Dictionary" owner="BuiltIn">
<msg time="2025-09-11T00:51:51.026626" level="INFO">&amp;{hdr} = { Authorization=Bearer eyJhbGciOiJIUzI1NiIsInR5cCI6IkpXVCJ9.eyJ0b2tlbl90eXBlIjoiYWNjZXNzIiwiZXhwIjoxNzU3NTQ4MzEwLCJpYXQiOjE3NTc1NDQ3MTAsImp0aSI6IjUzYjcwYTYwNDJhMTRjNzBhYjVlYWMzYWRmODI1YTNmIiwidXNlcl9p...</msg>
<var>&amp;{hdr}</var>
<arg>Authorization=Bearer ${access}</arg>
<doc>Creates and returns a dictionary based on the given ``items``.</doc>
<status status="PASS" start="2025-09-11T00:51:51.026470" elapsed="0.000175"/>
</kw>
<return>
<value>${hdr}</value>
<status status="PASS" start="2025-09-11T00:51:51.026674" elapsed="0.000023"/>
</return>
<msg time="2025-09-11T00:51:51.026768" level="INFO">${HDR} = {'Authorization': 'Bearer eyJhbGciOiJIUzI1NiIsInR5cCI6IkpXVCJ9.eyJ0b2tlbl90eXBlIjoiYWNjZXNzIiwiZXhwIjoxNzU3NTQ4MzEwLCJpYXQiOjE3NTc1NDQ3MTAsImp0aSI6IjUzYjcwYTYwNDJhMTRjNzBhYjVlYWMzYWRmODI1YTNmIiwidXNlc...</msg>
<var>${HDR}</var>
<arg>${access}</arg>
<doc>Construit le header Authorization=Bearer &lt;token&gt;.</doc>
<status status="PASS" start="2025-09-11T00:51:51.026290" elapsed="0.000491"/>
</kw>
<kw name="Create Dictionary" owner="BuiltIn">
<msg time="2025-09-11T00:51:51.026957" level="INFO">&amp;{payload} = { is_active=False }</msg>
<var>&amp;{payload}</var>
<arg>is_active=${is_active}</arg>
<doc>Creates and returns a dictionary based on the given ``items``.</doc>
<status status="PASS" start="2025-09-11T00:51:51.026838" elapsed="0.000133"/>
</kw>
<kw name="PATCH On Session" owner="RequestsLibrary">
<msg time="2025-09-11T00:51:51.031756" level="INFO">PATCH Request : url=http://localhost:8000/api/users/80/ 
 path_url=/api/users/80/ 
 headers={'User-Agent': 'python-requests/2.32.4', 'Accept-Encoding': 'gzip, deflate', 'Accept': '*/*', 'Connection': 'keep-alive', 'Authorization': 'Bearer eyJhbGciOiJIUzI1NiIsInR5cCI6IkpXVCJ9.eyJ0b2tlbl90eXBlIjoiYWNjZXNzIiwiZXhwIjoxNzU3NTQ4MzEwLCJpYXQiOjE3NTc1NDQ3MTAsImp0aSI6IjUzYjcwYTYwNDJhMTRjNzBhYjVlYWMzYWRmODI1YTNmIiwidXNlcl9pZCI6IjEifQ.yNp2n7CYqCA_j3GqrqxdEiUInvcHmjrZYvUrfQLnJ_U', 'Content-Length': '22', 'Content-Type': 'application/json'} 
 body=b'{"is_active": "False"}' 
 </msg>
<msg time="2025-09-11T00:51:51.031793" level="INFO">PATCH Response : url=http://localhost:8000/api/users/80/ 
 status=200, reason=OK 
 headers={'Date': 'Wed, 10 Sep 2025 22:51:51 GMT', 'Server': 'WSGIServer/0.2 CPython/3.13.6', 'Content-Type': 'application/json', 'Vary': 'Accept, origin', 'Allow': 'GET, PUT, PATCH, DELETE, HEAD, OPTIONS', 'X-Frame-Options': 'DENY', 'Content-Length': '158', 'X-Content-Type-Options': 'nosniff', 'Referrer-Policy': 'same-origin', 'Cross-Origin-Opener-Policy': 'same-origin'} 
 body={"id":80,"username":"robot_mxmtgj","email":"test_changed@example.com","first_name":"Robot","last_name":"Tester","is_staff":true,"is_active":false,"groups":[]} 
 </msg>
<msg time="2025-09-11T00:51:51.031846" level="INFO">${resp} = &lt;Response [200]&gt;</msg>
<var>${resp}</var>
<arg>api</arg>
<arg>${USERS_PATH}${id}/</arg>
<arg>json=${payload}</arg>
<arg>headers=${HDR}</arg>
<arg>expected_status=any</arg>
<doc>Sends a PATCH request on a previously created HTTP Session.</doc>
<status status="PASS" start="2025-09-11T00:51:51.027026" elapsed="0.004832"/>
</kw>
<return>
<value>${resp}</value>
<status status="PASS" start="2025-09-11T00:51:51.031948" elapsed="0.000019"/>
</return>
<msg time="2025-09-11T00:51:51.032039" level="INFO">${resp_active} = &lt;Response [200]&gt;</msg>
<var>${resp_active}</var>
<arg>${ACCESS}</arg>
<arg>${uid}</arg>
<arg>False</arg>
<doc>PATCH /api/users/{id}/ is_active=True/False (admin requis).</doc>
<status status="PASS" start="2025-09-11T00:51:51.025889" elapsed="0.006162"/>
</kw>
<kw name="Should Be Equal As Integers" owner="BuiltIn">
<msg time="2025-09-11T00:51:51.032415" level="INFO">Argument types are:
&lt;class 'int'&gt;
&lt;class 'str'&gt;</msg>
<arg>${resp_active.status_code}</arg>
<arg>200</arg>
<doc>Fails if objects are unequal after converting them to integers.</doc>
<status status="PASS" start="2025-09-11T00:51:51.032133" elapsed="0.000313"/>
</kw>
<kw name="Delete User (Admin Only)">
<kw name="Auth Header">
<kw name="Create Dictionary" owner="BuiltIn">
<msg time="2025-09-11T00:51:51.032974" level="INFO">&amp;{hdr} = { Authorization=Bearer eyJhbGciOiJIUzI1NiIsInR5cCI6IkpXVCJ9.eyJ0b2tlbl90eXBlIjoiYWNjZXNzIiwiZXhwIjoxNzU3NTQ4MzEwLCJpYXQiOjE3NTc1NDQ3MTAsImp0aSI6IjUzYjcwYTYwNDJhMTRjNzBhYjVlYWMzYWRmODI1YTNmIiwidXNlcl9p...</msg>
<var>&amp;{hdr}</var>
<arg>Authorization=Bearer ${access}</arg>
<doc>Creates and returns a dictionary based on the given ``items``.</doc>
<status status="PASS" start="2025-09-11T00:51:51.032846" elapsed="0.000144"/>
</kw>
<return>
<value>${hdr}</value>
<status status="PASS" start="2025-09-11T00:51:51.033015" elapsed="0.000017"/>
</return>
<msg time="2025-09-11T00:51:51.033093" level="INFO">${HDR} = {'Authorization': 'Bearer eyJhbGciOiJIUzI1NiIsInR5cCI6IkpXVCJ9.eyJ0b2tlbl90eXBlIjoiYWNjZXNzIiwiZXhwIjoxNzU3NTQ4MzEwLCJpYXQiOjE3NTc1NDQ3MTAsImp0aSI6IjUzYjcwYTYwNDJhMTRjNzBhYjVlYWMzYWRmODI1YTNmIiwidXNlc...</msg>
<var>${HDR}</var>
<arg>${access}</arg>
<doc>Construit le header Authorization=Bearer &lt;token&gt;.</doc>
<status status="PASS" start="2025-09-11T00:51:51.032723" elapsed="0.000383"/>
</kw>
<kw name="DELETE On Session" owner="RequestsLibrary">
<msg time="2025-09-11T00:51:51.038431" level="INFO">DELETE Request : url=http://localhost:8000/api/users/80/ 
 path_url=/api/users/80/ 
 headers={'User-Agent': 'python-requests/2.32.4', 'Accept-Encoding': 'gzip, deflate', 'Accept': '*/*', 'Connection': 'keep-alive', 'Authorization': 'Bearer eyJhbGciOiJIUzI1NiIsInR5cCI6IkpXVCJ9.eyJ0b2tlbl90eXBlIjoiYWNjZXNzIiwiZXhwIjoxNzU3NTQ4MzEwLCJpYXQiOjE3NTc1NDQ3MTAsImp0aSI6IjUzYjcwYTYwNDJhMTRjNzBhYjVlYWMzYWRmODI1YTNmIiwidXNlcl9pZCI6IjEifQ.yNp2n7CYqCA_j3GqrqxdEiUInvcHmjrZYvUrfQLnJ_U', 'Content-Length': '0'} 
 body=None 
 </msg>
<msg time="2025-09-11T00:51:51.038471" level="INFO">DELETE Response : url=http://localhost:8000/api/users/80/ 
 status=204, reason=No Content 
 headers={'Date': 'Wed, 10 Sep 2025 22:51:51 GMT', 'Server': 'WSGIServer/0.2 CPython/3.13.6', 'Vary': 'Accept, origin', 'Allow': 'GET, PUT, PATCH, DELETE, HEAD, OPTIONS', 'X-Frame-Options': 'DENY', 'Content-Length': '0', 'X-Content-Type-Options': 'nosniff', 'Referrer-Policy': 'same-origin', 'Cross-Origin-Opener-Policy': 'same-origin'} 
 body=None 
 </msg>
<msg time="2025-09-11T00:51:51.038528" level="INFO">${resp} = &lt;Response [204]&gt;</msg>
<var>${resp}</var>
<arg>api</arg>
<arg>${USERS_PATH}${id}/</arg>
<arg>headers=${HDR}</arg>
<arg>expected_status=any</arg>
<doc>Sends a DELETE request on a previously created HTTP Session.</doc>
<status status="PASS" start="2025-09-11T00:51:51.033159" elapsed="0.005384"/>
</kw>
<return>
<value>${resp}</value>
<status status="PASS" start="2025-09-11T00:51:51.038578" elapsed="0.000018"/>
</return>
<msg time="2025-09-11T00:51:51.038663" level="INFO">${resp_del} = &lt;Response [204]&gt;</msg>
<var>${resp_del}</var>
<arg>${ACCESS}</arg>
<arg>${uid}</arg>
<doc>DELETE /api/users/{id}/ (admin requis).</doc>
<status status="PASS" start="2025-09-11T00:51:51.032557" elapsed="0.006119"/>
</kw>
<kw name="Should Be Equal As Integers" owner="BuiltIn">
<msg time="2025-09-11T00:51:51.039068" level="INFO">Argument types are:
&lt;class 'int'&gt;
&lt;class 'str'&gt;</msg>
<arg>${resp_del.status_code}</arg>
<arg>204</arg>
<doc>Fails if objects are unequal after converting them to integers.</doc>
<status status="PASS" start="2025-09-11T00:51:51.038769" elapsed="0.000329"/>
</kw>
<kw name="Get User (Requires Auth)">
<kw name="Auth Header">
<kw name="Create Dictionary" owner="BuiltIn">
<msg time="2025-09-11T00:51:51.039663" level="INFO">&amp;{hdr} = { Authorization=Bearer eyJhbGciOiJIUzI1NiIsInR5cCI6IkpXVCJ9.eyJ0b2tlbl90eXBlIjoiYWNjZXNzIiwiZXhwIjoxNzU3NTQ4MzEwLCJpYXQiOjE3NTc1NDQ3MTAsImp0aSI6IjUzYjcwYTYwNDJhMTRjNzBhYjVlYWMzYWRmODI1YTNmIiwidXNlcl9p...</msg>
<var>&amp;{hdr}</var>
<arg>Authorization=Bearer ${access}</arg>
<doc>Creates and returns a dictionary based on the given ``items``.</doc>
<status status="PASS" start="2025-09-11T00:51:51.039496" elapsed="0.000195"/>
</kw>
<return>
<value>${hdr}</value>
<status status="PASS" start="2025-09-11T00:51:51.039726" elapsed="0.000022"/>
</return>
<msg time="2025-09-11T00:51:51.039828" level="INFO">${HDR} = {'Authorization': 'Bearer eyJhbGciOiJIUzI1NiIsInR5cCI6IkpXVCJ9.eyJ0b2tlbl90eXBlIjoiYWNjZXNzIiwiZXhwIjoxNzU3NTQ4MzEwLCJpYXQiOjE3NTc1NDQ3MTAsImp0aSI6IjUzYjcwYTYwNDJhMTRjNzBhYjVlYWMzYWRmODI1YTNmIiwidXNlc...</msg>
<var>${HDR}</var>
<arg>${access}</arg>
<doc>Construit le header Authorization=Bearer &lt;token&gt;.</doc>
<status status="PASS" start="2025-09-11T00:51:51.039372" elapsed="0.000472"/>
</kw>
<kw name="GET On Session" owner="RequestsLibrary">
<msg time="2025-09-11T00:51:51.043586" level="INFO">GET Request : url=http://localhost:8000/api/users/80/ 
 path_url=/api/users/80/ 
 headers={'User-Agent': 'python-requests/2.32.4', 'Accept-Encoding': 'gzip, deflate', 'Accept': '*/*', 'Connection': 'keep-alive', 'Authorization': 'Bearer eyJhbGciOiJIUzI1NiIsInR5cCI6IkpXVCJ9.eyJ0b2tlbl90eXBlIjoiYWNjZXNzIiwiZXhwIjoxNzU3NTQ4MzEwLCJpYXQiOjE3NTc1NDQ3MTAsImp0aSI6IjUzYjcwYTYwNDJhMTRjNzBhYjVlYWMzYWRmODI1YTNmIiwidXNlcl9pZCI6IjEifQ.yNp2n7CYqCA_j3GqrqxdEiUInvcHmjrZYvUrfQLnJ_U'} 
 body=None 
 </msg>
<msg time="2025-09-11T00:51:51.043665" level="INFO">GET Response : url=http://localhost:8000/api/users/80/ 
 status=404, reason=Not Found 
 headers={'Date': 'Wed, 10 Sep 2025 22:51:51 GMT', 'Server': 'WSGIServer/0.2 CPython/3.13.6', 'Content-Type': 'application/json', 'Vary': 'Accept, origin', 'Allow': 'GET, PUT, PATCH, DELETE, HEAD, OPTIONS', 'X-Frame-Options': 'DENY', 'Content-Length': '45', 'X-Content-Type-Options': 'nosniff', 'Referrer-Policy': 'same-origin', 'Cross-Origin-Opener-Policy': 'same-origin'} 
 body={"detail":"No User matches the given query."} 
 </msg>
<msg time="2025-09-11T00:51:51.043766" level="INFO">${resp} = &lt;Response [404]&gt;</msg>
<var>${resp}</var>
<arg>api</arg>
<arg>${USERS_PATH}${id}/</arg>
<arg>headers=${HDR}</arg>
<arg>expected_status=any</arg>
<doc>Sends a GET request on a previously created HTTP Session.</doc>
<status status="PASS" start="2025-09-11T00:51:51.039911" elapsed="0.003873"/>
</kw>
<return>
<value>${resp}</value>
<status status="PASS" start="2025-09-11T00:51:51.043843" elapsed="0.000030"/>
</return>
<msg time="2025-09-11T00:51:51.043963" level="INFO">${resp_get} = &lt;Response [404]&gt;</msg>
<var>${resp_get}</var>
<arg>${ACCESS}</arg>
<arg>${uid}</arg>
<doc>GET /api/users/{id}/ (admin requis).</doc>
<status status="PASS" start="2025-09-11T00:51:51.039202" elapsed="0.004775"/>
</kw>
<kw name="Should Be Equal As Integers" owner="BuiltIn">
<msg time="2025-09-11T00:51:51.044605" level="INFO">Argument types are:
&lt;class 'int'&gt;
&lt;class 'str'&gt;</msg>
<arg>${resp_get.status_code}</arg>
<arg>404</arg>
<doc>Fails if objects are unequal after converting them to integers.</doc>
<status status="PASS" start="2025-09-11T00:51:51.044211" elapsed="0.000436"/>
</kw>
<doc>Nécessite que etienne soit staff/superuser. Démontre les opérations admin (is_staff, is_active, delete).</doc>
<status status="PASS" start="2025-09-11T00:51:50.729998" elapsed="0.314746"/>
</test>
<status status="PASS" start="2025-09-11T00:51:49.785119" elapsed="1.259913"/>
</suite>
<statistics>
<total>
<stat pass="6" fail="0" skip="0">All Tests</stat>
</total>
<tag>
</tag>
<suite>
<stat name="Tests" id="s1" pass="6" fail="0" skip="0">Tests</stat>
</suite>
</statistics>
<errors>
</errors>
</robot>
